d:\repos\quake-iii-arena\code\botlib\release_ta\botlib.pdb
d:\repos\quake-iii-arena\code\botlib\release_ta\be_ea.obj
d:\repos\quake-iii-arena\code\botlib\release_ta\be_ai_weight.obj
d:\repos\quake-iii-arena\code\botlib\release_ta\be_ai_weap.obj
d:\repos\quake-iii-arena\code\botlib\release_ta\be_ai_move.obj
d:\repos\quake-iii-arena\code\botlib\release_ta\be_ai_goal.obj
d:\repos\quake-iii-arena\code\botlib\release_ta\be_ai_gen.obj
d:\repos\quake-iii-arena\code\botlib\release_ta\be_ai_chat.obj
d:\repos\quake-iii-arena\code\botlib\release_ta\be_ai_char.obj
d:\repos\quake-iii-arena\code\botlib\release_ta\be_aas_sample.obj
d:\repos\quake-iii-arena\code\botlib\release_ta\be_aas_routealt.obj
d:\repos\quake-iii-arena\code\botlib\release_ta\be_aas_route.obj
d:\repos\quake-iii-arena\code\botlib\release_ta\be_aas_reach.obj
d:\repos\quake-iii-arena\code\botlib\release_ta\be_aas_optimize.obj
d:\repos\quake-iii-arena\code\botlib\release_ta\be_aas_move.obj
d:\repos\quake-iii-arena\code\botlib\release_ta\be_aas_main.obj
d:\repos\quake-iii-arena\code\botlib\release_ta\be_aas_file.obj
d:\repos\quake-iii-arena\code\botlib\release_ta\be_aas_entity.obj
d:\repos\quake-iii-arena\code\botlib\release_ta\be_aas_debug.obj
d:\repos\quake-iii-arena\code\botlib\release_ta\be_aas_cluster.obj
d:\repos\quake-iii-arena\code\botlib\release_ta\be_aas_bspq3.obj
d:\repos\quake-iii-arena\code\botlib\release_ta\l_struct.obj
d:\repos\quake-iii-arena\code\botlib\release_ta\l_script.obj
d:\repos\quake-iii-arena\code\botlib\release_ta\l_precomp.obj
d:\repos\quake-iii-arena\code\botlib\release_ta\l_memory.obj
d:\repos\quake-iii-arena\code\botlib\release_ta\l_log.obj
d:\repos\quake-iii-arena\code\botlib\release_ta\l_libvar.obj
d:\repos\quake-iii-arena\code\botlib\release_ta\l_crc.obj
d:\repos\quake-iii-arena\code\botlib\release_ta\be_interface.obj
d:\repos\quake-iii-arena\code\botlib\release_ta\botlib.lib
d:\repos\quake-iii-arena\code\botlib\release_ta\botlib.tlog\cl.command.1.tlog
d:\repos\quake-iii-arena\code\botlib\release_ta\botlib.tlog\cl.read.1.tlog
d:\repos\quake-iii-arena\code\botlib\release_ta\botlib.tlog\cl.write.1.tlog
d:\repos\quake-iii-arena\code\botlib\release_ta\botlib.tlog\lib-link.read.1.tlog
d:\repos\quake-iii-arena\code\botlib\release_ta\botlib.tlog\lib-link.write.1.tlog
d:\repos\quake-iii-arena\code\botlib\release_ta\botlib.tlog\lib.command.1.tlog
