  jcapimin.c
  jccoefct.c
  jccolor.c
  jcdctmgr.c
  jchuff.c
  jcinit.c
  jcmainct.c
  jcmarker.c
  jcmaster.c
  jcomapi.c
  jcparam.c
  jcphuff.c
  jcprepct.c
  jcsample.c
  jctrans.c
  jdapimin.c
  jdapistd.c
  jdatadst.c
  jdatasrc.c
  jdcoefct.c
  Generating Code...
  Compiling...
  jdcolor.c
  jddctmgr.c
  jdhuff.c
  jdinput.c
  jdmainct.c
  jdmarker.c
  jdmaster.c
  jdpostct.c
  jdsample.c
  jdtrans.c
  jerror.c
  jfdctflt.c
  jidctflt.c
  jmemmgr.c
  jmemnobs.c
  jutils.c
  win_gamma.c
D:\repos\Quake-III-Arena\code\win32\win_gamma.c(153,2): warning C4996: 'GetVersionExA': was declared deprecated
  win_glimp.c
D:\repos\Quake-III-Arena\code\win32\win_glimp.c(1131,7): warning C4996: 'GetVersionExA': was declared deprecated
  win_qgl.c
  tr_animation.c
  Generating Code...
  Compiling...
  tr_backend.c
D:\repos\Quake-III-Arena\code\renderer\tr_backend.c(558,23): warning C4389: '==': signed/unsigned mismatch
  tr_bsp.c
  tr_cmds.c
D:\repos\Quake-III-Arena\code\renderer\tr_cmds.c(256,30): warning C4459: declaration of 'colorWhite' hides global declaration
D:\repos\Quake-III-Arena\code\game\q_shared.h(527,16): message : see declaration of 'colorWhite'
  tr_curve.c
D:\repos\Quake-III-Arena\code\renderer\tr_curve.c(393,16): warning C4456: declaration of 'dir' hides previous local declaration
D:\repos\Quake-III-Arena\code\renderer\tr_curve.c(365,8): message : see declaration of 'dir'
  tr_flares.c
  tr_font.c
  tr_image.c
D:\repos\Quake-III-Arena\code\renderer\tr_image.c(885,26): warning C4389: '!=': signed/unsigned mismatch
  tr_init.c
  tr_light.c
  tr_main.c
  tr_marks.c
  tr_mesh.c
  tr_model.c
  tr_noise.c
  tr_scene.c
  tr_shade.c
D:\repos\Quake-III-Arena\code\renderer\tr_shade.c(90,24): warning C4389: '==': signed/unsigned mismatch
D:\repos\Quake-III-Arena\code\renderer\tr_shade.c(90,55): warning C4389: '==': signed/unsigned mismatch
D:\repos\Quake-III-Arena\code\renderer\tr_shade.c(118,19): warning C4389: '==': signed/unsigned mismatch
D:\repos\Quake-III-Arena\code\renderer\tr_shade.c(118,50): warning C4389: '==': signed/unsigned mismatch
  tr_shader.c
D:\repos\Quake-III-Arena\code\renderer\tr_shader.c(1889,21): warning C4459: declaration of 'shader' hides global declaration
D:\repos\Quake-III-Arena\code\renderer\tr_shader.c(31,18): message : see declaration of 'shader'
D:\repos\Quake-III-Arena\code\renderer\tr_shader.c(2778,18): warning C4459: declaration of 'shader' hides global declaration
D:\repos\Quake-III-Arena\code\renderer\tr_shader.c(31,18): message : see declaration of 'shader'
  tr_shade_calc.c
D:\repos\Quake-III-Arena\code\renderer\tr_shade_calc.c(514,38): warning C4389: '==': signed/unsigned mismatch
D:\repos\Quake-III-Arena\code\renderer\tr_shade_calc.c(515,41): warning C4389: '==': signed/unsigned mismatch
  tr_shadows.c
D:\repos\Quake-III-Arena\code\renderer\tr_shadows.c(48,49): warning C4459: declaration of 'facing' hides global declaration
D:\repos\Quake-III-Arena\code\renderer\tr_shadows.c(46,14): message : see declaration of 'facing'
  tr_sky.c
  Generating Code...
  Compiling...
  tr_surface.c
  tr_world.c
  Generating Code...
  renderer.vcxproj -> D:\repos\Quake-III-Arena\code\renderer\.\Release_TA\renderer.lib
