d:\repos\quake-iii-arena\code\renderer\release_ta\renderer.pdb
d:\repos\quake-iii-arena\code\renderer\release_ta\jdcoefct.obj
d:\repos\quake-iii-arena\code\renderer\release_ta\jdatasrc.obj
d:\repos\quake-iii-arena\code\renderer\release_ta\jdatadst.obj
d:\repos\quake-iii-arena\code\renderer\release_ta\jdapistd.obj
d:\repos\quake-iii-arena\code\renderer\release_ta\jdapimin.obj
d:\repos\quake-iii-arena\code\renderer\release_ta\jctrans.obj
d:\repos\quake-iii-arena\code\renderer\release_ta\jcsample.obj
d:\repos\quake-iii-arena\code\renderer\release_ta\jcprepct.obj
d:\repos\quake-iii-arena\code\renderer\release_ta\jcphuff.obj
d:\repos\quake-iii-arena\code\renderer\release_ta\jcparam.obj
d:\repos\quake-iii-arena\code\renderer\release_ta\jcomapi.obj
d:\repos\quake-iii-arena\code\renderer\release_ta\jcmaster.obj
d:\repos\quake-iii-arena\code\renderer\release_ta\jcmarker.obj
d:\repos\quake-iii-arena\code\renderer\release_ta\jcmainct.obj
d:\repos\quake-iii-arena\code\renderer\release_ta\jcinit.obj
d:\repos\quake-iii-arena\code\renderer\release_ta\jchuff.obj
d:\repos\quake-iii-arena\code\renderer\release_ta\jcdctmgr.obj
d:\repos\quake-iii-arena\code\renderer\release_ta\jccolor.obj
d:\repos\quake-iii-arena\code\renderer\release_ta\jccoefct.obj
d:\repos\quake-iii-arena\code\renderer\release_ta\jcapimin.obj
d:\repos\quake-iii-arena\code\renderer\release_ta\tr_animation.obj
d:\repos\quake-iii-arena\code\renderer\release_ta\win_qgl.obj
d:\repos\quake-iii-arena\code\renderer\release_ta\win_glimp.obj
d:\repos\quake-iii-arena\code\renderer\release_ta\win_gamma.obj
d:\repos\quake-iii-arena\code\renderer\release_ta\jutils.obj
d:\repos\quake-iii-arena\code\renderer\release_ta\jmemnobs.obj
d:\repos\quake-iii-arena\code\renderer\release_ta\jmemmgr.obj
d:\repos\quake-iii-arena\code\renderer\release_ta\jidctflt.obj
d:\repos\quake-iii-arena\code\renderer\release_ta\jfdctflt.obj
d:\repos\quake-iii-arena\code\renderer\release_ta\jerror.obj
d:\repos\quake-iii-arena\code\renderer\release_ta\jdtrans.obj
d:\repos\quake-iii-arena\code\renderer\release_ta\jdsample.obj
d:\repos\quake-iii-arena\code\renderer\release_ta\jdpostct.obj
d:\repos\quake-iii-arena\code\renderer\release_ta\jdmaster.obj
d:\repos\quake-iii-arena\code\renderer\release_ta\jdmarker.obj
d:\repos\quake-iii-arena\code\renderer\release_ta\jdmainct.obj
d:\repos\quake-iii-arena\code\renderer\release_ta\jdinput.obj
d:\repos\quake-iii-arena\code\renderer\release_ta\jdhuff.obj
d:\repos\quake-iii-arena\code\renderer\release_ta\jddctmgr.obj
d:\repos\quake-iii-arena\code\renderer\release_ta\jdcolor.obj
d:\repos\quake-iii-arena\code\renderer\release_ta\tr_sky.obj
d:\repos\quake-iii-arena\code\renderer\release_ta\tr_shadows.obj
d:\repos\quake-iii-arena\code\renderer\release_ta\tr_shade_calc.obj
d:\repos\quake-iii-arena\code\renderer\release_ta\tr_shader.obj
d:\repos\quake-iii-arena\code\renderer\release_ta\tr_shade.obj
d:\repos\quake-iii-arena\code\renderer\release_ta\tr_scene.obj
d:\repos\quake-iii-arena\code\renderer\release_ta\tr_noise.obj
d:\repos\quake-iii-arena\code\renderer\release_ta\tr_model.obj
d:\repos\quake-iii-arena\code\renderer\release_ta\tr_mesh.obj
d:\repos\quake-iii-arena\code\renderer\release_ta\tr_marks.obj
d:\repos\quake-iii-arena\code\renderer\release_ta\tr_main.obj
d:\repos\quake-iii-arena\code\renderer\release_ta\tr_light.obj
d:\repos\quake-iii-arena\code\renderer\release_ta\tr_init.obj
d:\repos\quake-iii-arena\code\renderer\release_ta\tr_image.obj
d:\repos\quake-iii-arena\code\renderer\release_ta\tr_font.obj
d:\repos\quake-iii-arena\code\renderer\release_ta\tr_flares.obj
d:\repos\quake-iii-arena\code\renderer\release_ta\tr_curve.obj
d:\repos\quake-iii-arena\code\renderer\release_ta\tr_cmds.obj
d:\repos\quake-iii-arena\code\renderer\release_ta\tr_bsp.obj
d:\repos\quake-iii-arena\code\renderer\release_ta\tr_backend.obj
d:\repos\quake-iii-arena\code\renderer\release_ta\tr_world.obj
d:\repos\quake-iii-arena\code\renderer\release_ta\tr_surface.obj
d:\repos\quake-iii-arena\code\renderer\release_ta\renderer.lib
d:\repos\quake-iii-arena\code\renderer\release_ta\renderer.tlog\cl.command.1.tlog
d:\repos\quake-iii-arena\code\renderer\release_ta\renderer.tlog\cl.read.1.tlog
d:\repos\quake-iii-arena\code\renderer\release_ta\renderer.tlog\cl.write.1.tlog
d:\repos\quake-iii-arena\code\renderer\release_ta\renderer.tlog\lib-link.read.1.tlog
d:\repos\quake-iii-arena\code\renderer\release_ta\renderer.tlog\lib-link.write.1.tlog
d:\repos\quake-iii-arena\code\renderer\release_ta\renderer.tlog\lib.command.1.tlog
