d:\repos\quake-iii-arena\code\renderer\renderer___win32_vector0\renderer.pdb
d:\repos\quake-iii-arena\code\renderer\renderer___win32_vector0\jdcoefct.obj
d:\repos\quake-iii-arena\code\renderer\renderer___win32_vector0\jdatasrc.obj
d:\repos\quake-iii-arena\code\renderer\renderer___win32_vector0\jdatadst.obj
d:\repos\quake-iii-arena\code\renderer\renderer___win32_vector0\jdapistd.obj
d:\repos\quake-iii-arena\code\renderer\renderer___win32_vector0\jdapimin.obj
d:\repos\quake-iii-arena\code\renderer\renderer___win32_vector0\jctrans.obj
d:\repos\quake-iii-arena\code\renderer\renderer___win32_vector0\jcsample.obj
d:\repos\quake-iii-arena\code\renderer\renderer___win32_vector0\jcprepct.obj
d:\repos\quake-iii-arena\code\renderer\renderer___win32_vector0\jcphuff.obj
d:\repos\quake-iii-arena\code\renderer\renderer___win32_vector0\jcparam.obj
d:\repos\quake-iii-arena\code\renderer\renderer___win32_vector0\jcomapi.obj
d:\repos\quake-iii-arena\code\renderer\renderer___win32_vector0\jcmaster.obj
d:\repos\quake-iii-arena\code\renderer\renderer___win32_vector0\jcmarker.obj
d:\repos\quake-iii-arena\code\renderer\renderer___win32_vector0\jcmainct.obj
d:\repos\quake-iii-arena\code\renderer\renderer___win32_vector0\jcinit.obj
d:\repos\quake-iii-arena\code\renderer\renderer___win32_vector0\jchuff.obj
d:\repos\quake-iii-arena\code\renderer\renderer___win32_vector0\jcdctmgr.obj
d:\repos\quake-iii-arena\code\renderer\renderer___win32_vector0\jccolor.obj
d:\repos\quake-iii-arena\code\renderer\renderer___win32_vector0\jccoefct.obj
d:\repos\quake-iii-arena\code\renderer\renderer___win32_vector0\jcapimin.obj
d:\repos\quake-iii-arena\code\renderer\renderer___win32_vector0\tr_animation.obj
d:\repos\quake-iii-arena\code\renderer\renderer___win32_vector0\win_qgl.obj
d:\repos\quake-iii-arena\code\renderer\renderer___win32_vector0\win_glimp.obj
d:\repos\quake-iii-arena\code\renderer\renderer___win32_vector0\win_gamma.obj
d:\repos\quake-iii-arena\code\renderer\renderer___win32_vector0\jutils.obj
d:\repos\quake-iii-arena\code\renderer\renderer___win32_vector0\jmemnobs.obj
d:\repos\quake-iii-arena\code\renderer\renderer___win32_vector0\jmemmgr.obj
d:\repos\quake-iii-arena\code\renderer\renderer___win32_vector0\jidctflt.obj
d:\repos\quake-iii-arena\code\renderer\renderer___win32_vector0\jfdctflt.obj
d:\repos\quake-iii-arena\code\renderer\renderer___win32_vector0\jerror.obj
d:\repos\quake-iii-arena\code\renderer\renderer___win32_vector0\jdtrans.obj
d:\repos\quake-iii-arena\code\renderer\renderer___win32_vector0\jdsample.obj
d:\repos\quake-iii-arena\code\renderer\renderer___win32_vector0\jdpostct.obj
d:\repos\quake-iii-arena\code\renderer\renderer___win32_vector0\jdmaster.obj
d:\repos\quake-iii-arena\code\renderer\renderer___win32_vector0\jdmarker.obj
d:\repos\quake-iii-arena\code\renderer\renderer___win32_vector0\jdmainct.obj
d:\repos\quake-iii-arena\code\renderer\renderer___win32_vector0\jdinput.obj
d:\repos\quake-iii-arena\code\renderer\renderer___win32_vector0\jdhuff.obj
d:\repos\quake-iii-arena\code\renderer\renderer___win32_vector0\jddctmgr.obj
d:\repos\quake-iii-arena\code\renderer\renderer___win32_vector0\jdcolor.obj
d:\repos\quake-iii-arena\code\renderer\renderer___win32_vector0\tr_sky.obj
d:\repos\quake-iii-arena\code\renderer\renderer___win32_vector0\tr_shadows.obj
d:\repos\quake-iii-arena\code\renderer\renderer___win32_vector0\tr_shade_calc.obj
d:\repos\quake-iii-arena\code\renderer\renderer___win32_vector0\tr_shader.obj
d:\repos\quake-iii-arena\code\renderer\renderer___win32_vector0\tr_shade.obj
d:\repos\quake-iii-arena\code\renderer\renderer___win32_vector0\tr_scene.obj
d:\repos\quake-iii-arena\code\renderer\renderer___win32_vector0\tr_noise.obj
d:\repos\quake-iii-arena\code\renderer\renderer___win32_vector0\tr_model.obj
d:\repos\quake-iii-arena\code\renderer\renderer___win32_vector0\tr_mesh.obj
d:\repos\quake-iii-arena\code\renderer\renderer___win32_vector0\tr_marks.obj
d:\repos\quake-iii-arena\code\renderer\renderer___win32_vector0\tr_main.obj
d:\repos\quake-iii-arena\code\renderer\renderer___win32_vector0\tr_light.obj
d:\repos\quake-iii-arena\code\renderer\renderer___win32_vector0\tr_init.obj
d:\repos\quake-iii-arena\code\renderer\renderer___win32_vector0\tr_image.obj
d:\repos\quake-iii-arena\code\renderer\renderer___win32_vector0\tr_font.obj
d:\repos\quake-iii-arena\code\renderer\renderer___win32_vector0\tr_flares.obj
d:\repos\quake-iii-arena\code\renderer\renderer___win32_vector0\tr_curve.obj
d:\repos\quake-iii-arena\code\renderer\renderer___win32_vector0\tr_cmds.obj
d:\repos\quake-iii-arena\code\renderer\renderer___win32_vector0\tr_bsp.obj
d:\repos\quake-iii-arena\code\renderer\renderer___win32_vector0\tr_backend.obj
d:\repos\quake-iii-arena\code\renderer\renderer___win32_vector0\tr_world.obj
d:\repos\quake-iii-arena\code\renderer\renderer___win32_vector0\tr_surface.obj
d:\repos\quake-iii-arena\code\renderer\renderer___win32_vector0\renderer.lib
d:\repos\quake-iii-arena\code\renderer\renderer___win32_vector0\renderer.tlog\cl.command.1.tlog
d:\repos\quake-iii-arena\code\renderer\renderer___win32_vector0\renderer.tlog\cl.read.1.tlog
d:\repos\quake-iii-arena\code\renderer\renderer___win32_vector0\renderer.tlog\cl.write.1.tlog
d:\repos\quake-iii-arena\code\renderer\renderer___win32_vector0\renderer.tlog\lib-link.read.1.tlog
d:\repos\quake-iii-arena\code\renderer\renderer___win32_vector0\renderer.tlog\lib-link.write.1.tlog
d:\repos\quake-iii-arena\code\renderer\renderer___win32_vector0\renderer.tlog\lib.command.1.tlog
