E:\Program Files (x86)\Microsoft Visual Studio\2019\Community\MSBuild\Microsoft\VC\v160\Microsoft.CppCommon.targets(36,5): warning MSB4211: The property "IntermediateOutputPath" is being set to a value for the first time, but it was already consumed at "E:\Program Files (x86)\Microsoft Visual Studio\2019\Community\MSBuild\Microsoft\VC\v160\Microsoft.CppCommon.targets (35,5)".
E:\Program Files (x86)\Microsoft Visual Studio\2019\Community\MSBuild\Current\Bin\Microsoft.Common.CurrentVersion.targets(337,5): warning MSB4211: The property "CleanFile" is being set to a value for the first time, but it was already consumed at "E:\Program Files (x86)\Microsoft Visual Studio\2019\Community\MSBuild\Microsoft\VC\v160\Microsoft.CppCommon.targets (35,5)".
  jcapimin.c
  jccoefct.c
  jccolor.c
  jcdctmgr.c
  jchuff.c
  jcinit.c
  jcmainct.c
  jcmarker.c
  jcmaster.c
  jcomapi.c
  jcparam.c
  jcphuff.c
  jcprepct.c
  jcsample.c
  jctrans.c
  jdapimin.c
  jdapistd.c
  jdatadst.c
  jdatasrc.c
  jdcoefct.c
  Generating Code...
  Compiling...
  jdcolor.c
  jddctmgr.c
  jdhuff.c
  jdinput.c
  jdmainct.c
  jdmarker.c
  jdmaster.c
  jdpostct.c
  jdsample.c
  jdtrans.c
  jerror.c
D:\repos\Quake-III-Arena\code\jpeg-6\jerror.c(173,5): warning C4996: 'sprintf': This function or variable may be unsafe. Consider using sprintf_s instead. To disable deprecation, use _CRT_SECURE_NO_WARNINGS. See online help for details.
D:\repos\Quake-III-Arena\code\jpeg-6\jerror.c(175,5): warning C4996: 'sprintf': This function or variable may be unsafe. Consider using sprintf_s instead. To disable deprecation, use _CRT_SECURE_NO_WARNINGS. See online help for details.
  jfdctflt.c
  jidctflt.c
  jmemmgr.c
D:\repos\Quake-III-Arena\code\jpeg-6\jmemmgr.c(1103,19): warning C4996: 'getenv': This function or variable may be unsafe. Consider using _dupenv_s instead. To disable deprecation, use _CRT_SECURE_NO_WARNINGS. See online help for details.
D:\repos\Quake-III-Arena\code\jpeg-6\jmemmgr.c(1106,11): warning C4996: 'sscanf': This function or variable may be unsafe. Consider using sscanf_s instead. To disable deprecation, use _CRT_SECURE_NO_WARNINGS. See online help for details.
  jmemnobs.c
  jutils.c
  win_gamma.c
D:\repos\Quake-III-Arena\code\win32\win_gamma.c(153,2): warning C4996: 'GetVersionExA': was declared deprecated
  win_glimp.c
D:\repos\Quake-III-Arena\code\win32\win_glimp.c(1131,7): warning C4996: 'GetVersionExA': was declared deprecated
D:\repos\Quake-III-Arena\code\win32\win_glimp.c(1368,2): warning C4996: 'sscanf': This function or variable may be unsafe. Consider using sscanf_s instead. To disable deprecation, use _CRT_SECURE_NO_WARNINGS. See online help for details.
D:\repos\Quake-III-Arena\code\win32\win_glimp.c(1371,2): warning C4996: 'sscanf': This function or variable may be unsafe. Consider using sscanf_s instead. To disable deprecation, use _CRT_SECURE_NO_WARNINGS. See online help for details.
  win_qgl.c
D:\repos\Quake-III-Arena\code\win32\win_qgl.c(787,9): warning C4996: 'strcpy': This function or variable may be unsafe. Consider using strcpy_s instead. To disable deprecation, use _CRT_SECURE_NO_WARNINGS. See online help for details.
D:\repos\Quake-III-Arena\code\win32\win_qgl.c(789,9): warning C4996: 'strcpy': This function or variable may be unsafe. Consider using strcpy_s instead. To disable deprecation, use _CRT_SECURE_NO_WARNINGS. See online help for details.
D:\repos\Quake-III-Arena\code\win32\win_qgl.c(791,9): warning C4996: 'strcpy': This function or variable may be unsafe. Consider using strcpy_s instead. To disable deprecation, use _CRT_SECURE_NO_WARNINGS. See online help for details.
D:\repos\Quake-III-Arena\code\win32\win_qgl.c(793,9): warning C4996: 'strcpy': This function or variable may be unsafe. Consider using strcpy_s instead. To disable deprecation, use _CRT_SECURE_NO_WARNINGS. See online help for details.
D:\repos\Quake-III-Arena\code\win32\win_qgl.c(795,9): warning C4996: 'strcpy': This function or variable may be unsafe. Consider using strcpy_s instead. To disable deprecation, use _CRT_SECURE_NO_WARNINGS. See online help for details.
D:\repos\Quake-III-Arena\code\win32\win_qgl.c(797,9): warning C4996: 'strcpy': This function or variable may be unsafe. Consider using strcpy_s instead. To disable deprecation, use _CRT_SECURE_NO_WARNINGS. See online help for details.
D:\repos\Quake-III-Arena\code\win32\win_qgl.c(799,9): warning C4996: 'strcpy': This function or variable may be unsafe. Consider using strcpy_s instead. To disable deprecation, use _CRT_SECURE_NO_WARNINGS. See online help for details.
D:\repos\Quake-III-Arena\code\win32\win_qgl.c(801,9): warning C4996: 'strcpy': This function or variable may be unsafe. Consider using strcpy_s instead. To disable deprecation, use _CRT_SECURE_NO_WARNINGS. See online help for details.
D:\repos\Quake-III-Arena\code\win32\win_qgl.c(803,9): warning C4996: 'strcpy': This function or variable may be unsafe. Consider using strcpy_s instead. To disable deprecation, use _CRT_SECURE_NO_WARNINGS. See online help for details.
D:\repos\Quake-III-Arena\code\win32\win_qgl.c(805,9): warning C4996: 'strcpy': This function or variable may be unsafe. Consider using strcpy_s instead. To disable deprecation, use _CRT_SECURE_NO_WARNINGS. See online help for details.
D:\repos\Quake-III-Arena\code\win32\win_qgl.c(807,3): warning C4996: 'sprintf': This function or variable may be unsafe. Consider using sprintf_s instead. To disable deprecation, use _CRT_SECURE_NO_WARNINGS. See online help for details.
D:\repos\Quake-III-Arena\code\win32\win_qgl.c(839,3): warning C4996: 'sprintf': This function or variable may be unsafe. Consider using sprintf_s instead. To disable deprecation, use _CRT_SECURE_NO_WARNINGS. See online help for details.
D:\repos\Quake-III-Arena\code\win32\win_qgl.c(917,9): warning C4996: 'strcpy': This function or variable may be unsafe. Consider using strcpy_s instead. To disable deprecation, use _CRT_SECURE_NO_WARNINGS. See online help for details.
D:\repos\Quake-III-Arena\code\win32\win_qgl.c(920,9): warning C4996: 'strcpy': This function or variable may be unsafe. Consider using strcpy_s instead. To disable deprecation, use _CRT_SECURE_NO_WARNINGS. See online help for details.
D:\repos\Quake-III-Arena\code\win32\win_qgl.c(923,9): warning C4996: 'strcpy': This function or variable may be unsafe. Consider using strcpy_s instead. To disable deprecation, use _CRT_SECURE_NO_WARNINGS. See online help for details.
D:\repos\Quake-III-Arena\code\win32\win_qgl.c(926,9): warning C4996: 'strcpy': This function or variable may be unsafe. Consider using strcpy_s instead. To disable deprecation, use _CRT_SECURE_NO_WARNINGS. See online help for details.
D:\repos\Quake-III-Arena\code\win32\win_qgl.c(929,9): warning C4996: 'strcpy': This function or variable may be unsafe. Consider using strcpy_s instead. To disable deprecation, use _CRT_SECURE_NO_WARNINGS. See online help for details.
D:\repos\Quake-III-Arena\code\win32\win_qgl.c(932,9): warning C4996: 'strcpy': This function or variable may be unsafe. Consider using strcpy_s instead. To disable deprecation, use _CRT_SECURE_NO_WARNINGS. See online help for details.
D:\repos\Quake-III-Arena\code\win32\win_qgl.c(935,9): warning C4996: 'strcpy': This function or variable may be unsafe. Consider using strcpy_s instead. To disable deprecation, use _CRT_SECURE_NO_WARNINGS. See online help for details.
D:\repos\Quake-III-Arena\code\win32\win_qgl.c(938,3): warning C4996: 'sprintf': This function or variable may be unsafe. Consider using sprintf_s instead. To disable deprecation, use _CRT_SECURE_NO_WARNINGS. See online help for details.
D:\repos\Quake-III-Arena\code\win32\win_qgl.c(3677,14): warning C4996: 'localtime': This function or variable may be unsafe. Consider using localtime_s instead. To disable deprecation, use _CRT_SECURE_NO_WARNINGS. See online help for details.
D:\repos\Quake-III-Arena\code\win32\win_qgl.c(3679,4): warning C4996: 'asctime': This function or variable may be unsafe. Consider using asctime_s instead. To disable deprecation, use _CRT_SECURE_NO_WARNINGS. See online help for details.
D:\repos\Quake-III-Arena\code\win32\win_qgl.c(3683,23): warning C4996: 'fopen': This function or variable may be unsafe. Consider using fopen_s instead. To disable deprecation, use _CRT_SECURE_NO_WARNINGS. See online help for details.
D:\repos\Quake-III-Arena\code\win32\win_qgl.c(3685,39): warning C4996: 'asctime': This function or variable may be unsafe. Consider using asctime_s instead. To disable deprecation, use _CRT_SECURE_NO_WARNINGS. See online help for details.
  tr_animation.c
  Generating Code...
  Compiling...
  tr_backend.c
D:\repos\Quake-III-Arena\code\renderer\tr_backend.c(558,23): warning C4389: '==': signed/unsigned mismatch
  tr_bsp.c
D:\repos\Quake-III-Arena\code\renderer\tr_bsp.c(1704,8): warning C4996: 'strcpy': This function or variable may be unsafe. Consider using strcpy_s instead. To disable deprecation, use _CRT_SECURE_NO_WARNINGS. See online help for details.
D:\repos\Quake-III-Arena\code\renderer\tr_bsp.c(1758,4): warning C4996: 'sscanf': This function or variable may be unsafe. Consider using sscanf_s instead. To disable deprecation, use _CRT_SECURE_NO_WARNINGS. See online help for details.
  tr_cmds.c
D:\repos\Quake-III-Arena\code\renderer\tr_cmds.c(256,30): warning C4459: declaration of 'colorWhite' hides global declaration
D:\repos\Quake-III-Arena\code\game\q_shared.h(527,16): message : see declaration of 'colorWhite'
  tr_curve.c
D:\repos\Quake-III-Arena\code\renderer\tr_curve.c(393,16): warning C4456: declaration of 'dir' hides previous local declaration
D:\repos\Quake-III-Arena\code\renderer\tr_curve.c(365,8): message : see declaration of 'dir'
  tr_flares.c
  tr_font.c
  tr_image.c
D:\repos\Quake-III-Arena\code\renderer\tr_image.c(751,9): warning C4996: 'strcpy': This function or variable may be unsafe. Consider using strcpy_s instead. To disable deprecation, use _CRT_SECURE_NO_WARNINGS. See online help for details.
D:\repos\Quake-III-Arena\code\renderer\tr_image.c(885,26): warning C4389: '!=': signed/unsigned mismatch
D:\repos\Quake-III-Arena\code\renderer\tr_image.c(1831,13): warning C4996: 'strcpy': This function or variable may be unsafe. Consider using strcpy_s instead. To disable deprecation, use _CRT_SECURE_NO_WARNINGS. See online help for details.
D:\repos\Quake-III-Arena\code\renderer\tr_image.c(1896,11): warning C4996: 'strcpy': This function or variable may be unsafe. Consider using strcpy_s instead. To disable deprecation, use _CRT_SECURE_NO_WARNINGS. See online help for details.
  tr_init.c
D:\repos\Quake-III-Arena\code\renderer\tr_init.c(212,9): warning C4996: 'strcpy': This function or variable may be unsafe. Consider using strcpy_s instead. To disable deprecation, use _CRT_SECURE_NO_WARNINGS. See online help for details.
D:\repos\Quake-III-Arena\code\renderer\tr_init.c(254,19): warning C4996: 'strcpy': This function or variable may be unsafe. Consider using strcpy_s instead. To disable deprecation, use _CRT_SECURE_NO_WARNINGS. See online help for details.
D:\repos\Quake-III-Arena\code\renderer\tr_init.c(257,19): warning C4996: 'strcpy': This function or variable may be unsafe. Consider using strcpy_s instead. To disable deprecation, use _CRT_SECURE_NO_WARNINGS. See online help for details.
D:\repos\Quake-III-Arena\code\renderer\tr_init.c(260,19): warning C4996: 'strcpy': This function or variable may be unsafe. Consider using strcpy_s instead. To disable deprecation, use _CRT_SECURE_NO_WARNINGS. See online help for details.
D:\repos\Quake-III-Arena\code\renderer\tr_init.c(263,19): warning C4996: 'strcpy': This function or variable may be unsafe. Consider using strcpy_s instead. To disable deprecation, use _CRT_SECURE_NO_WARNINGS. See online help for details.
D:\repos\Quake-III-Arena\code\renderer\tr_init.c(266,19): warning C4996: 'strcpy': This function or variable may be unsafe. Consider using strcpy_s instead. To disable deprecation, use _CRT_SECURE_NO_WARNINGS. See online help for details.
D:\repos\Quake-III-Arena\code\renderer\tr_init.c(269,19): warning C4996: 'strcpy': This function or variable may be unsafe. Consider using strcpy_s instead. To disable deprecation, use _CRT_SECURE_NO_WARNINGS. See online help for details.
D:\repos\Quake-III-Arena\code\renderer\tr_init.c(540,2): warning C4996: 'sprintf': This function or variable may be unsafe. Consider using sprintf_s instead. To disable deprecation, use _CRT_SECURE_NO_WARNINGS. See online help for details.
  tr_light.c
  tr_main.c
  tr_marks.c
  tr_mesh.c
  tr_model.c
D:\repos\Quake-III-Arena\code\renderer\tr_model.c(137,9): warning C4996: 'strcpy': This function or variable may be unsafe. Consider using strcpy_s instead. To disable deprecation, use _CRT_SECURE_NO_WARNINGS. See online help for details.
D:\repos\Quake-III-Arena\code\renderer\tr_model.c(146,10): warning C4996: 'strcat': This function or variable may be unsafe. Consider using strcat_s instead. To disable deprecation, use _CRT_SECURE_NO_WARNINGS. See online help for details.
D:\repos\Quake-III-Arena\code\renderer\tr_model.c(145,4): warning C4996: 'sprintf': This function or variable may be unsafe. Consider using sprintf_s instead. To disable deprecation, use _CRT_SECURE_NO_WARNINGS. See online help for details.
  tr_noise.c
  tr_scene.c
  tr_shade.c
D:\repos\Quake-III-Arena\code\renderer\tr_shade.c(90,24): warning C4389: '==': signed/unsigned mismatch
D:\repos\Quake-III-Arena\code\renderer\tr_shade.c(90,55): warning C4389: '==': signed/unsigned mismatch
D:\repos\Quake-III-Arena\code\renderer\tr_shade.c(118,19): warning C4389: '==': signed/unsigned mismatch
D:\repos\Quake-III-Arena\code\renderer\tr_shade.c(118,50): warning C4389: '==': signed/unsigned mismatch
  tr_shader.c
D:\repos\Quake-III-Arena\code\renderer\tr_shader.c(984,11): warning C4996: 'strcat': This function or variable may be unsafe. Consider using strcat_s instead. To disable deprecation, use _CRT_SECURE_NO_WARNINGS. See online help for details.
D:\repos\Quake-III-Arena\code\renderer\tr_shader.c(985,11): warning C4996: 'strcat': This function or variable may be unsafe. Consider using strcat_s instead. To disable deprecation, use _CRT_SECURE_NO_WARNINGS. See online help for details.
D:\repos\Quake-III-Arena\code\renderer\tr_shader.c(1889,21): warning C4459: declaration of 'shader' hides global declaration
D:\repos\Quake-III-Arena\code\renderer\tr_shader.c(31,18): message : see declaration of 'shader'
D:\repos\Quake-III-Arena\code\renderer\tr_shader.c(2778,18): warning C4459: declaration of 'shader' hides global declaration
D:\repos\Quake-III-Arena\code\renderer\tr_shader.c(31,18): message : see declaration of 'shader'
D:\repos\Quake-III-Arena\code\renderer\tr_shader.c(2887,9): warning C4996: 'strcat': This function or variable may be unsafe. Consider using strcat_s instead. To disable deprecation, use _CRT_SECURE_NO_WARNINGS. See online help for details.
D:\repos\Quake-III-Arena\code\renderer\tr_shader.c(2889,9): warning C4996: 'strcat': This function or variable may be unsafe. Consider using strcat_s instead. To disable deprecation, use _CRT_SECURE_NO_WARNINGS. See online help for details.
  tr_shade_calc.c
D:\repos\Quake-III-Arena\code\renderer\tr_shade_calc.c(514,38): warning C4389: '==': signed/unsigned mismatch
D:\repos\Quake-III-Arena\code\renderer\tr_shade_calc.c(515,41): warning C4389: '==': signed/unsigned mismatch
  tr_shadows.c
D:\repos\Quake-III-Arena\code\renderer\tr_shadows.c(48,49): warning C4459: declaration of 'facing' hides global declaration
D:\repos\Quake-III-Arena\code\renderer\tr_shadows.c(46,14): message : see declaration of 'facing'
  tr_sky.c
  Generating Code...
  Compiling...
  tr_surface.c
  tr_world.c
  Generating Code...
  renderer.vcxproj -> D:\repos\Quake-III-Arena\code\renderer\.\Release\renderer.lib
