d:\repos\quake-iii-arena\code\renderer\release\renderer.pdb
d:\repos\quake-iii-arena\code\renderer\release\jdcoefct.obj
d:\repos\quake-iii-arena\code\renderer\release\jdatasrc.obj
d:\repos\quake-iii-arena\code\renderer\release\jdatadst.obj
d:\repos\quake-iii-arena\code\renderer\release\jdapistd.obj
d:\repos\quake-iii-arena\code\renderer\release\jdapimin.obj
d:\repos\quake-iii-arena\code\renderer\release\jctrans.obj
d:\repos\quake-iii-arena\code\renderer\release\jcsample.obj
d:\repos\quake-iii-arena\code\renderer\release\jcprepct.obj
d:\repos\quake-iii-arena\code\renderer\release\jcphuff.obj
d:\repos\quake-iii-arena\code\renderer\release\jcparam.obj
d:\repos\quake-iii-arena\code\renderer\release\jcomapi.obj
d:\repos\quake-iii-arena\code\renderer\release\jcmaster.obj
d:\repos\quake-iii-arena\code\renderer\release\jcmarker.obj
d:\repos\quake-iii-arena\code\renderer\release\jcmainct.obj
d:\repos\quake-iii-arena\code\renderer\release\jcinit.obj
d:\repos\quake-iii-arena\code\renderer\release\jchuff.obj
d:\repos\quake-iii-arena\code\renderer\release\jcdctmgr.obj
d:\repos\quake-iii-arena\code\renderer\release\jccolor.obj
d:\repos\quake-iii-arena\code\renderer\release\jccoefct.obj
d:\repos\quake-iii-arena\code\renderer\release\jcapimin.obj
d:\repos\quake-iii-arena\code\renderer\release\tr_animation.obj
d:\repos\quake-iii-arena\code\renderer\release\win_qgl.obj
d:\repos\quake-iii-arena\code\renderer\release\win_glimp.obj
d:\repos\quake-iii-arena\code\renderer\release\win_gamma.obj
d:\repos\quake-iii-arena\code\renderer\release\jutils.obj
d:\repos\quake-iii-arena\code\renderer\release\jmemnobs.obj
d:\repos\quake-iii-arena\code\renderer\release\jmemmgr.obj
d:\repos\quake-iii-arena\code\renderer\release\jidctflt.obj
d:\repos\quake-iii-arena\code\renderer\release\jfdctflt.obj
d:\repos\quake-iii-arena\code\renderer\release\jerror.obj
d:\repos\quake-iii-arena\code\renderer\release\jdtrans.obj
d:\repos\quake-iii-arena\code\renderer\release\jdsample.obj
d:\repos\quake-iii-arena\code\renderer\release\jdpostct.obj
d:\repos\quake-iii-arena\code\renderer\release\jdmaster.obj
d:\repos\quake-iii-arena\code\renderer\release\jdmarker.obj
d:\repos\quake-iii-arena\code\renderer\release\jdmainct.obj
d:\repos\quake-iii-arena\code\renderer\release\jdinput.obj
d:\repos\quake-iii-arena\code\renderer\release\jdhuff.obj
d:\repos\quake-iii-arena\code\renderer\release\jddctmgr.obj
d:\repos\quake-iii-arena\code\renderer\release\jdcolor.obj
d:\repos\quake-iii-arena\code\renderer\release\tr_sky.obj
d:\repos\quake-iii-arena\code\renderer\release\tr_shadows.obj
d:\repos\quake-iii-arena\code\renderer\release\tr_shade_calc.obj
d:\repos\quake-iii-arena\code\renderer\release\tr_shader.obj
d:\repos\quake-iii-arena\code\renderer\release\tr_shade.obj
d:\repos\quake-iii-arena\code\renderer\release\tr_scene.obj
d:\repos\quake-iii-arena\code\renderer\release\tr_noise.obj
d:\repos\quake-iii-arena\code\renderer\release\tr_model.obj
d:\repos\quake-iii-arena\code\renderer\release\tr_mesh.obj
d:\repos\quake-iii-arena\code\renderer\release\tr_marks.obj
d:\repos\quake-iii-arena\code\renderer\release\renderer.tlog\cl.command.1.tlog
d:\repos\quake-iii-arena\code\renderer\release\renderer.tlog\cl.read.1.tlog
d:\repos\quake-iii-arena\code\renderer\release\renderer.tlog\cl.write.1.tlog
