d:\repos\quake-iii-arena\code\game\release_ta\vc142.pdb
d:\repos\quake-iii-arena\code\game\release_ta\g_misc.obj
d:\repos\quake-iii-arena\code\game\release_ta\g_mem.obj
d:\repos\quake-iii-arena\code\game\release_ta\g_main.obj
d:\repos\quake-iii-arena\code\game\release_ta\g_items.obj
d:\repos\quake-iii-arena\code\game\release_ta\g_combat.obj
d:\repos\quake-iii-arena\code\game\release_ta\g_cmds.obj
d:\repos\quake-iii-arena\code\game\release_ta\g_client.obj
d:\repos\quake-iii-arena\code\game\release_ta\g_bot.obj
d:\repos\quake-iii-arena\code\game\release_ta\g_arenas.obj
d:\repos\quake-iii-arena\code\game\release_ta\g_active.obj
d:\repos\quake-iii-arena\code\game\release_ta\bg_slidemove.obj
d:\repos\quake-iii-arena\code\game\release_ta\bg_pmove.obj
d:\repos\quake-iii-arena\code\game\release_ta\bg_misc.obj
d:\repos\quake-iii-arena\code\game\release_ta\ai_vcmd.obj
d:\repos\quake-iii-arena\code\game\release_ta\ai_team.obj
d:\repos\quake-iii-arena\code\game\release_ta\ai_main.obj
d:\repos\quake-iii-arena\code\game\release_ta\ai_dmq3.obj
d:\repos\quake-iii-arena\code\game\release_ta\ai_dmnet.obj
d:\repos\quake-iii-arena\code\game\release_ta\ai_cmd.obj
d:\repos\quake-iii-arena\code\game\release_ta\ai_chat.obj
d:\repos\quake-iii-arena\code\game\release_ta\q_shared.obj
d:\repos\quake-iii-arena\code\game\release_ta\q_math.obj
d:\repos\quake-iii-arena\code\game\release_ta\g_weapon.obj
d:\repos\quake-iii-arena\code\game\release_ta\g_utils.obj
d:\repos\quake-iii-arena\code\game\release_ta\g_trigger.obj
d:\repos\quake-iii-arena\code\game\release_ta\g_team.obj
d:\repos\quake-iii-arena\code\game\release_ta\g_target.obj
d:\repos\quake-iii-arena\code\game\release_ta\g_syscalls.obj
d:\repos\quake-iii-arena\code\game\release_ta\g_svcmds.obj
d:\repos\quake-iii-arena\code\game\release_ta\g_spawn.obj
d:\repos\quake-iii-arena\code\game\release_ta\g_session.obj
d:\repos\quake-iii-arena\code\game\release_ta\g_mover.obj
d:\repos\quake-iii-arena\code\game\release_ta\g_missile.obj
d:\repos\quake-iii-arena\code\game\release_ta\qagamex86.lib
d:\repos\quake-iii-arena\code\game\release_ta\qagamex86.exp
d:\repos\quake-iii-arena\code\release_ta\qagamex86.dll
d:\repos\quake-iii-arena\code\game\release_ta\qagamex86.map
d:\repos\quake-iii-arena\code\game\release_ta\qagamex86.pdb
d:\repos\quake-iii-arena\code\game\release_ta\game.tlog\cl.command.1.tlog
d:\repos\quake-iii-arena\code\game\release_ta\game.tlog\cl.read.1.tlog
d:\repos\quake-iii-arena\code\game\release_ta\game.tlog\cl.write.1.tlog
d:\repos\quake-iii-arena\code\game\release_ta\game.tlog\game.write.1u.tlog
d:\repos\quake-iii-arena\code\game\release_ta\game.tlog\link.command.1.tlog
d:\repos\quake-iii-arena\code\game\release_ta\game.tlog\link.read.1.tlog
d:\repos\quake-iii-arena\code\game\release_ta\game.tlog\link.write.1.tlog
