d:\repos\quake-iii-arena\code\cgame\release_ta\cgamex86.lib
d:\repos\quake-iii-arena\code\cgame\release_ta\cgamex86.exp
d:\repos\quake-iii-arena\code\cgame\release_ta\vc142.pdb
d:\repos\quake-iii-arena\code\cgame\release_ta\cg_predict.obj
d:\repos\quake-iii-arena\code\cgame\release_ta\cg_playerstate.obj
d:\repos\quake-iii-arena\code\cgame\release_ta\cg_players.obj
d:\repos\quake-iii-arena\code\cgame\release_ta\cg_newdraw.obj
d:\repos\quake-iii-arena\code\cgame\release_ta\cg_marks.obj
d:\repos\quake-iii-arena\code\cgame\release_ta\cg_main.obj
d:\repos\quake-iii-arena\code\cgame\release_ta\cg_localents.obj
d:\repos\quake-iii-arena\code\cgame\release_ta\cg_info.obj
d:\repos\quake-iii-arena\code\cgame\release_ta\cg_event.obj
d:\repos\quake-iii-arena\code\cgame\release_ta\cg_ents.obj
d:\repos\quake-iii-arena\code\cgame\release_ta\cg_effects.obj
d:\repos\quake-iii-arena\code\cgame\release_ta\cg_drawtools.obj
d:\repos\quake-iii-arena\code\cgame\release_ta\cg_draw.obj
d:\repos\quake-iii-arena\code\cgame\release_ta\cg_consolecmds.obj
d:\repos\quake-iii-arena\code\cgame\release_ta\ui_shared.obj
d:\repos\quake-iii-arena\code\cgame\release_ta\q_shared.obj
d:\repos\quake-iii-arena\code\cgame\release_ta\q_math.obj
d:\repos\quake-iii-arena\code\cgame\release_ta\bg_slidemove.obj
d:\repos\quake-iii-arena\code\cgame\release_ta\bg_pmove.obj
d:\repos\quake-iii-arena\code\cgame\release_ta\bg_misc.obj
d:\repos\quake-iii-arena\code\cgame\release_ta\cg_weapons.obj
d:\repos\quake-iii-arena\code\cgame\release_ta\cg_view.obj
d:\repos\quake-iii-arena\code\cgame\release_ta\cg_syscalls.obj
d:\repos\quake-iii-arena\code\cgame\release_ta\cg_snapshot.obj
d:\repos\quake-iii-arena\code\cgame\release_ta\cg_servercmds.obj
d:\repos\quake-iii-arena\code\cgame\release_ta\cg_scoreboard.obj
d:\repos\quake-iii-arena\code\release_ta\cgamex86.dll
d:\repos\quake-iii-arena\code\cgame\release_ta\cgamex86.map
d:\repos\quake-iii-arena\code\cgame\release_ta\cgamex86.pdb
d:\repos\quake-iii-arena\code\cgame\release_ta\cgame.tlog\cgame.write.1u.tlog
d:\repos\quake-iii-arena\code\cgame\release_ta\cgame.tlog\cl.command.1.tlog
d:\repos\quake-iii-arena\code\cgame\release_ta\cgame.tlog\cl.read.1.tlog
d:\repos\quake-iii-arena\code\cgame\release_ta\cgame.tlog\cl.write.1.tlog
d:\repos\quake-iii-arena\code\cgame\release_ta\cgame.tlog\link.command.1.tlog
d:\repos\quake-iii-arena\code\cgame\release_ta\cgame.tlog\link.read.1.tlog
d:\repos\quake-iii-arena\code\cgame\release_ta\cgame.tlog\link.write.1.tlog
