d:\repos\quake-iii-arena\code\ui\release_ta\vc142.pdb
d:\repos\quake-iii-arena\code\ui\release_ta\ui_util.obj
d:\repos\quake-iii-arena\code\ui\release_ta\ui_syscalls.obj
d:\repos\quake-iii-arena\code\ui\release_ta\ui_shared.obj
d:\repos\quake-iii-arena\code\ui\release_ta\ui_players.obj
d:\repos\quake-iii-arena\code\ui\release_ta\ui_main.obj
d:\repos\quake-iii-arena\code\ui\release_ta\ui_gameinfo.obj
d:\repos\quake-iii-arena\code\ui\release_ta\ui_atoms.obj
d:\repos\quake-iii-arena\code\ui\release_ta\q_shared.obj
d:\repos\quake-iii-arena\code\ui\release_ta\q_math.obj
d:\repos\quake-iii-arena\code\ui\release_ta\bg_misc.obj
d:\repos\quake-iii-arena\code\release_ta\uix86.dll
d:\repos\quake-iii-arena\code\ui\release_ta\uix86.map
d:\repos\quake-iii-arena\code\ui\release_ta\uix86.pdb
d:\repos\quake-iii-arena\code\ui\release_ta\uix86.lib
d:\repos\quake-iii-arena\code\ui\release_ta\uix86.exp
d:\repos\quake-iii-arena\code\ui\release_ta\ui.tlog\cl.command.1.tlog
d:\repos\quake-iii-arena\code\ui\release_ta\ui.tlog\cl.read.1.tlog
d:\repos\quake-iii-arena\code\ui\release_ta\ui.tlog\cl.write.1.tlog
d:\repos\quake-iii-arena\code\ui\release_ta\ui.tlog\link.command.1.tlog
d:\repos\quake-iii-arena\code\ui\release_ta\ui.tlog\link.read.1.tlog
d:\repos\quake-iii-arena\code\ui\release_ta\ui.tlog\link.write.1.tlog
d:\repos\quake-iii-arena\code\ui\release_ta\ui.tlog\ui.write.1u.tlog
