d:\repos\quake-iii-arena\code\release\vc142.pdb
d:\repos\quake-iii-arena\code\release\cm_patch.obj
d:\repos\quake-iii-arena\code\release\cm_load.obj
d:\repos\quake-iii-arena\code\release\cmd.obj
d:\repos\quake-iii-arena\code\release\q_shared.obj
d:\repos\quake-iii-arena\code\release\q_math.obj
d:\repos\quake-iii-arena\code\release\snd_wavelet.obj
d:\repos\quake-iii-arena\code\release\snd_mix.obj
d:\repos\quake-iii-arena\code\release\snd_mem.obj
d:\repos\quake-iii-arena\code\release\snd_dma.obj
d:\repos\quake-iii-arena\code\release\snd_adpcm.obj
d:\repos\quake-iii-arena\code\release\cl_ui.obj
d:\repos\quake-iii-arena\code\release\cl_scrn.obj
d:\repos\quake-iii-arena\code\release\cl_parse.obj
d:\repos\quake-iii-arena\code\release\cl_net_chan.obj
d:\repos\quake-iii-arena\code\release\cl_main.obj
d:\repos\quake-iii-arena\code\release\cl_keys.obj
d:\repos\quake-iii-arena\code\release\cl_input.obj
d:\repos\quake-iii-arena\code\release\cl_console.obj
d:\repos\quake-iii-arena\code\release\cl_cin.obj
d:\repos\quake-iii-arena\code\release\cl_cgame.obj
d:\repos\quake-iii-arena\code\release\sv_main.obj
d:\repos\quake-iii-arena\code\release\sv_init.obj
d:\repos\quake-iii-arena\code\release\sv_game.obj
d:\repos\quake-iii-arena\code\release\sv_client.obj
d:\repos\quake-iii-arena\code\release\sv_ccmds.obj
d:\repos\quake-iii-arena\code\release\sv_bot.obj
d:\repos\quake-iii-arena\code\release\vm_x86.obj
d:\repos\quake-iii-arena\code\release\vm_interpreted.obj
d:\repos\quake-iii-arena\code\release\vm.obj
d:\repos\quake-iii-arena\code\release\unzip.obj
d:\repos\quake-iii-arena\code\release\net_chan.obj
d:\repos\quake-iii-arena\code\release\msg.obj
d:\repos\quake-iii-arena\code\release\md4.obj
d:\repos\quake-iii-arena\code\release\huffman.obj
d:\repos\quake-iii-arena\code\release\files.obj
d:\repos\quake-iii-arena\code\release\cvar.obj
d:\repos\quake-iii-arena\code\release\common.obj
d:\repos\quake-iii-arena\code\release\cm_trace.obj
d:\repos\quake-iii-arena\code\release\cm_test.obj
d:\repos\quake-iii-arena\code\release\cm_polylib.obj
d:\repos\quake-iii-arena\code\release\win_wndproc.obj
d:\repos\quake-iii-arena\code\release\win_syscon.obj
d:\repos\quake-iii-arena\code\release\win_snd.obj
d:\repos\quake-iii-arena\code\release\win_shared.obj
d:\repos\quake-iii-arena\code\release\win_net.obj
d:\repos\quake-iii-arena\code\release\win_main.obj
d:\repos\quake-iii-arena\code\release\win_input.obj
d:\repos\quake-iii-arena\code\release\sv_world.obj
d:\repos\quake-iii-arena\code\release\sv_snapshot.obj
d:\repos\quake-iii-arena\code\release\sv_net_chan.obj
d:\repos\quake-iii-arena\code\release\winquake.res
d:\repos\quake-iii-arena\code\release\quake3.tlog\cl.command.1.tlog
d:\repos\quake-iii-arena\code\release\quake3.tlog\cl.read.1.tlog
d:\repos\quake-iii-arena\code\release\quake3.tlog\cl.write.1.tlog
d:\repos\quake-iii-arena\code\release\quake3.tlog\link.command.1.tlog
d:\repos\quake-iii-arena\code\release\quake3.tlog\link.read.1.tlog
d:\repos\quake-iii-arena\code\release\quake3.tlog\link.write.1.tlog
d:\repos\quake-iii-arena\code\release\quake3.tlog\rc.command.1.tlog
d:\repos\quake-iii-arena\code\release\quake3.tlog\rc.read.1.tlog
d:\repos\quake-iii-arena\code\release\quake3.tlog\rc.write.1.tlog
