  ui_gameinfo.c
D:\repos\Quake-III-Arena\code\ui\ui_gameinfo.c(88,11): warning C4996: 'strcpy': This function or variable may be unsafe. Consider using strcpy_s instead. To disable deprecation, use _CRT_SECURE_NO_WARNINGS. See online help for details.
D:\repos\Quake-III-Arena\code\ui\ui_gameinfo.c(95,10): warning C4996: 'strcpy': This function or variable may be unsafe. Consider using strcpy_s instead. To disable deprecation, use _CRT_SECURE_NO_WARNINGS. See online help for details.
D:\repos\Quake-III-Arena\code\ui\ui_gameinfo.c(161,9): warning C4996: 'strcpy': This function or variable may be unsafe. Consider using strcpy_s instead. To disable deprecation, use _CRT_SECURE_NO_WARNINGS. See online help for details.
D:\repos\Quake-III-Arena\code\ui\ui_gameinfo.c(162,9): warning C4996: 'strcat': This function or variable may be unsafe. Consider using strcat_s instead. To disable deprecation, use _CRT_SECURE_NO_WARNINGS. See online help for details.
D:\repos\Quake-III-Arena\code\ui\ui_gameinfo.c(272,9): warning C4996: 'strcpy': This function or variable may be unsafe. Consider using strcpy_s instead. To disable deprecation, use _CRT_SECURE_NO_WARNINGS. See online help for details.
D:\repos\Quake-III-Arena\code\ui\ui_gameinfo.c(273,9): warning C4996: 'strcat': This function or variable may be unsafe. Consider using strcat_s instead. To disable deprecation, use _CRT_SECURE_NO_WARNINGS. See online help for details.
  ui_syscalls.c
  Generating Code...
E:\Program Files (x86)\Microsoft Visual Studio\2019\Community\MSBuild\Microsoft\VC\v160\Microsoft.CppBuild.targets(1316,5): warning MSB8012: TargetPath(D:\repos\Quake-III-Arena\code\ui\.\Release\ui.dll) does not match the Linker's OutputFile property value (D:\repos\Quake-III-Arena\code\Release\uix86_new.dll). This may cause your project to build incorrectly. To correct this, please make sure that $(OutDir), $(TargetName) and $(TargetExt) property values match the value specified in %(Link.OutputFile).
E:\Program Files (x86)\Microsoft Visual Studio\2019\Community\MSBuild\Microsoft\VC\v160\Microsoft.CppBuild.targets(1318,5): warning MSB8012: TargetName(ui) does not match the Linker's OutputFile property value (uix86_new). This may cause your project to build incorrectly. To correct this, please make sure that $(OutDir), $(TargetName) and $(TargetExt) property values match the value specified in %(Link.OutputFile).
ui_gameinfo.obj : error LNK2019: unresolved external symbol _COM_Parse referenced in function _UI_ParseInfos
ui_gameinfo.obj : error LNK2019: unresolved external symbol _COM_ParseExt referenced in function _UI_ParseInfos
ui_gameinfo.obj : error LNK2019: unresolved external symbol _COM_Compress referenced in function _UI_LoadBotsFromFile
ui_gameinfo.obj : error LNK2019: unresolved external symbol _Q_stricmp referenced in function _UI_GetBotInfoByName
ui_gameinfo.obj : error LNK2019: unresolved external symbol _Q_strncpyz referenced in function _UI_ParseInfos
ui_gameinfo.obj : error LNK2019: unresolved external symbol _va referenced in function _UI_GetBotInfoByNumber
ui_gameinfo.obj : error LNK2019: unresolved external symbol _Info_ValueForKey referenced in function _UI_GetBotInfoByName
ui_gameinfo.obj : error LNK2019: unresolved external symbol _Info_SetValueForKey referenced in function _UI_ParseInfos
ui_gameinfo.obj : error LNK2019: unresolved external symbol _Com_Printf referenced in function _UI_ParseInfos
ui_gameinfo.obj : error LNK2019: unresolved external symbol _String_Alloc referenced in function _UI_LoadArenas
ui_gameinfo.obj : error LNK2019: unresolved external symbol _UI_Alloc referenced in function _UI_ParseInfos
ui_gameinfo.obj : error LNK2019: unresolved external symbol _UI_OutOfMemory referenced in function _UI_LoadArenas
ui_gameinfo.obj : error LNK2001: unresolved external symbol _uiInfo
..\Release\uix86_new.dll : fatal error LNK1120: 13 unresolved externals
