E:\Program Files (x86)\Microsoft Visual Studio\2019\Community\MSBuild\Microsoft\VC\v160\Microsoft.CppCommon.targets(36,5): warning MSB4211: The property "IntermediateOutputPath" is being set to a value for the first time, but it was already consumed at "E:\Program Files (x86)\Microsoft Visual Studio\2019\Community\MSBuild\Microsoft\VC\v160\Microsoft.CppCommon.targets (35,5)".
E:\Program Files (x86)\Microsoft Visual Studio\2019\Community\MSBuild\Current\Bin\Microsoft.Common.CurrentVersion.targets(337,5): warning MSB4211: The property "CleanFile" is being set to a value for the first time, but it was already consumed at "E:\Program Files (x86)\Microsoft Visual Studio\2019\Community\MSBuild\Microsoft\VC\v160\Microsoft.CppCommon.targets (35,5)".
  ai_chat.c
D:\repos\Quake-III-Arena\code\game\ai_chat.c(71,23): warning C4459: declaration of 'maxclients' hides global declaration
D:\repos\Quake-III-Arena\code\game\ai_dmq3.h(190,12): message : see declaration of 'maxclients'
D:\repos\Quake-III-Arena\code\game\ai_chat.c(97,23): warning C4459: declaration of 'maxclients' hides global declaration
D:\repos\Quake-III-Arena\code\game\ai_dmq3.h(190,12): message : see declaration of 'maxclients'
D:\repos\Quake-III-Arena\code\game\ai_chat.c(125,23): warning C4459: declaration of 'maxclients' hides global declaration
D:\repos\Quake-III-Arena\code\game\ai_dmq3.h(190,12): message : see declaration of 'maxclients'
D:\repos\Quake-III-Arena\code\game\ai_chat.c(154,23): warning C4459: declaration of 'maxclients' hides global declaration
D:\repos\Quake-III-Arena\code\game\ai_dmq3.h(190,12): message : see declaration of 'maxclients'
D:\repos\Quake-III-Arena\code\game\ai_chat.c(188,23): warning C4459: declaration of 'maxclients' hides global declaration
D:\repos\Quake-III-Arena\code\game\ai_dmq3.h(190,12): message : see declaration of 'maxclients'
D:\repos\Quake-III-Arena\code\game\ai_chat.c(222,23): warning C4459: declaration of 'maxclients' hides global declaration
D:\repos\Quake-III-Arena\code\game\ai_dmq3.h(190,12): message : see declaration of 'maxclients'
D:\repos\Quake-III-Arena\code\game\ai_chat.c(268,2): warning C4996: 'strncpy': This function or variable may be unsafe. Consider using strncpy_s instead. To disable deprecation, use _CRT_SECURE_NO_WARNINGS. See online help for details.
D:\repos\Quake-III-Arena\code\game\ai_chat.c(591,9): warning C4996: 'strcpy': This function or variable may be unsafe. Consider using strcpy_s instead. To disable deprecation, use _CRT_SECURE_NO_WARNINGS. See online help for details.
D:\repos\Quake-III-Arena\code\game\ai_chat.c(760,13): warning C4996: 'strcpy': This function or variable may be unsafe. Consider using strcpy_s instead. To disable deprecation, use _CRT_SECURE_NO_WARNINGS. See online help for details.
D:\repos\Quake-III-Arena\code\game\ai_chat.c(921,9): warning C4996: 'strcpy': This function or variable may be unsafe. Consider using strcpy_s instead. To disable deprecation, use _CRT_SECURE_NO_WARNINGS. See online help for details.
D:\repos\Quake-III-Arena\code\game\ai_chat.c(1193,9): warning C4996: 'strcpy': This function or variable may be unsafe. Consider using strcpy_s instead. To disable deprecation, use _CRT_SECURE_NO_WARNINGS. See online help for details.
  ai_cmd.c
D:\repos\Quake-III-Arena\code\game\ai_cmd.c(240,23): warning C4459: declaration of 'maxclients' hides global declaration
D:\repos\Quake-III-Arena\code\game\ai_dmq3.h(190,12): message : see declaration of 'maxclients'
D:\repos\Quake-III-Arena\code\game\ai_cmd.c(263,23): warning C4459: declaration of 'maxclients' hides global declaration
D:\repos\Quake-III-Arena\code\game\ai_dmq3.h(190,12): message : see declaration of 'maxclients'
D:\repos\Quake-III-Arena\code\game\ai_cmd.c(288,23): warning C4459: declaration of 'maxclients' hides global declaration
D:\repos\Quake-III-Arena\code\game\ai_dmq3.h(190,12): message : see declaration of 'maxclients'
D:\repos\Quake-III-Arena\code\game\ai_cmd.c(1118,2): warning C4996: 'strncpy': This function or variable may be unsafe. Consider using strncpy_s instead. To disable deprecation, use _CRT_SECURE_NO_WARNINGS. See online help for details.
D:\repos\Quake-III-Arena\code\game\ai_cmd.c(1147,8): warning C4996: 'strcpy': This function or variable may be unsafe. Consider using strcpy_s instead. To disable deprecation, use _CRT_SECURE_NO_WARNINGS. See online help for details.
D:\repos\Quake-III-Arena\code\game\ai_cmd.c(1189,2): warning C4996: 'sscanf': This function or variable may be unsafe. Consider using sscanf_s instead. To disable deprecation, use _CRT_SECURE_NO_WARNINGS. See online help for details.
D:\repos\Quake-III-Arena\code\game\ai_cmd.c(1310,3): warning C4996: 'strncpy': This function or variable may be unsafe. Consider using strncpy_s instead. To disable deprecation, use _CRT_SECURE_NO_WARNINGS. See online help for details.
  ai_dmnet.c
D:\repos\Quake-III-Arena\code\game\ai_dmnet.c(700,10): warning C4996: 'strcpy': This function or variable may be unsafe. Consider using strcpy_s instead. To disable deprecation, use _CRT_SECURE_NO_WARNINGS. See online help for details.
D:\repos\Quake-III-Arena\code\game\ai_dmnet.c(702,11): warning C4996: 'strcat': This function or variable may be unsafe. Consider using strcat_s instead. To disable deprecation, use _CRT_SECURE_NO_WARNINGS. See online help for details.
D:\repos\Quake-III-Arena\code\game\ai_dmnet.c(703,25): warning C4996: 'strcat': This function or variable may be unsafe. Consider using strcat_s instead. To disable deprecation, use _CRT_SECURE_NO_WARNINGS. See online help for details.
  ai_dmq3.c
D:\repos\Quake-III-Arena\code\game\ai_dmq3.c(1397,2): warning C4996: 'strncpy': This function or variable may be unsafe. Consider using strncpy_s instead. To disable deprecation, use _CRT_SECURE_NO_WARNINGS. See online help for details.
D:\repos\Quake-III-Arena\code\game\ai_dmq3.c(1416,2): warning C4996: 'strncpy': This function or variable may be unsafe. Consider using strncpy_s instead. To disable deprecation, use _CRT_SECURE_NO_WARNINGS. See online help for details.
D:\repos\Quake-III-Arena\code\game\ai_dmq3.c(1429,23): warning C4459: declaration of 'maxclients' hides global declaration
D:\repos\Quake-III-Arena\code\game\ai_dmq3.c(75,5): message : see declaration of 'maxclients'
D:\repos\Quake-III-Arena\code\game\ai_dmq3.c(1449,23): warning C4459: declaration of 'maxclients' hides global declaration
D:\repos\Quake-III-Arena\code\game\ai_dmq3.c(75,5): message : see declaration of 'maxclients'
D:\repos\Quake-III-Arena\code\game\ai_dmq3.c(1491,8): warning C4996: 'strcpy': This function or variable may be unsafe. Consider using strcpy_s instead. To disable deprecation, use _CRT_SECURE_NO_WARNINGS. See online help for details.
D:\repos\Quake-III-Arena\code\game\ai_dmq3.c(1525,2): warning C4996: 'strncpy': This function or variable may be unsafe. Consider using strncpy_s instead. To disable deprecation, use _CRT_SECURE_NO_WARNINGS. See online help for details.
D:\repos\Quake-III-Arena\code\game\ai_dmq3.c(3685,2): warning C4996: 'strncpy': This function or variable may be unsafe. Consider using strncpy_s instead. To disable deprecation, use _CRT_SECURE_NO_WARNINGS. See online help for details.
  ai_main.c
D:\repos\Quake-III-Arena\code\game\ai_main.c(100,2): warning C4996: 'vsprintf': This function or variable may be unsafe. Consider using vsprintf_s instead. To disable deprecation, use _CRT_SECURE_NO_WARNINGS. See online help for details.
D:\repos\Quake-III-Arena\code\game\ai_main.c(285,8): warning C4996: 'strcpy': This function or variable may be unsafe. Consider using strcpy_s instead. To disable deprecation, use _CRT_SECURE_NO_WARNINGS. See online help for details.
D:\repos\Quake-III-Arena\code\game\ai_main.c(288,39): warning C4996: 'strcpy': This function or variable may be unsafe. Consider using strcpy_s instead. To disable deprecation, use _CRT_SECURE_NO_WARNINGS. See online help for details.
D:\repos\Quake-III-Arena\code\game\ai_main.c(289,15): warning C4996: 'strcpy': This function or variable may be unsafe. Consider using strcpy_s instead. To disable deprecation, use _CRT_SECURE_NO_WARNINGS. See online help for details.
D:\repos\Quake-III-Arena\code\game\ai_main.c(435,8): warning C4996: 'strcpy': This function or variable may be unsafe. Consider using strcpy_s instead. To disable deprecation, use _CRT_SECURE_NO_WARNINGS. See online help for details.
D:\repos\Quake-III-Arena\code\game\ai_main.c(438,10): warning C4996: 'strcpy': This function or variable may be unsafe. Consider using strcpy_s instead. To disable deprecation, use _CRT_SECURE_NO_WARNINGS. See online help for details.
D:\repos\Quake-III-Arena\code\game\ai_main.c(1122,2): warning C4996: 'sscanf': This function or variable may be unsafe. Consider using sscanf_s instead. To disable deprecation, use _CRT_SECURE_NO_WARNINGS. See online help for details.
D:\repos\Quake-III-Arena\code\game\ai_main.c(1575,26): warning C4996: 'strcpy': This function or variable may be unsafe. Consider using strcpy_s instead. To disable deprecation, use _CRT_SECURE_NO_WARNINGS. See online help for details.
D:\repos\Quake-III-Arena\code\game\ai_main.c(1590,26): warning C4996: 'strcpy': This function or variable may be unsafe. Consider using strcpy_s instead. To disable deprecation, use _CRT_SECURE_NO_WARNINGS. See online help for details.
D:\repos\Quake-III-Arena\code\game\ai_main.c(1618,26): warning C4996: 'strcpy': This function or variable may be unsafe. Consider using strcpy_s instead. To disable deprecation, use _CRT_SECURE_NO_WARNINGS. See online help for details.
  ai_team.c
D:\repos\Quake-III-Arena\code\game\ai_team.c(86,23): warning C4459: declaration of 'maxclients' hides global declaration
D:\repos\Quake-III-Arena\code\game\ai_dmq3.h(190,12): message : see declaration of 'maxclients'
D:\repos\Quake-III-Arena\code\game\ai_team.c(130,23): warning C4459: declaration of 'maxclients' hides global declaration
D:\repos\Quake-III-Arena\code\game\ai_dmq3.h(190,12): message : see declaration of 'maxclients'
D:\repos\Quake-III-Arena\code\game\ai_team.c(191,8): warning C4996: 'strcpy': This function or variable may be unsafe. Consider using strcpy_s instead. To disable deprecation, use _CRT_SECURE_NO_WARNINGS. See online help for details.
D:\repos\Quake-III-Arena\code\game\ai_team.c(883,23): warning C4459: declaration of 'maxclients' hides global declaration
D:\repos\Quake-III-Arena\code\game\ai_dmq3.h(190,12): message : see declaration of 'maxclients'
D:\repos\Quake-III-Arena\code\game\ai_team.c(1962,5): warning C4996: 'strncpy': This function or variable may be unsafe. Consider using strncpy_s instead. To disable deprecation, use _CRT_SECURE_NO_WARNINGS. See online help for details.
  ai_vcmd.c
  bg_misc.c
  bg_pmove.c
  bg_slidemove.c
  g_active.c
  g_arenas.c
D:\repos\Quake-III-Arena\code\game\g_arenas.c(133,9): warning C4996: 'strcat': This function or variable may be unsafe. Consider using strcat_s instead. To disable deprecation, use _CRT_SECURE_NO_WARNINGS. See online help for details.
  g_bot.c
D:\repos\Quake-III-Arena\code\game\g_bot.c(106,11): warning C4996: 'strcpy': This function or variable may be unsafe. Consider using strcpy_s instead. To disable deprecation, use _CRT_SECURE_NO_WARNINGS. See online help for details.
D:\repos\Quake-III-Arena\code\game\g_bot.c(113,10): warning C4996: 'strcpy': This function or variable may be unsafe. Consider using strcpy_s instead. To disable deprecation, use _CRT_SECURE_NO_WARNINGS. See online help for details.
D:\repos\Quake-III-Arena\code\game\g_bot.c(177,9): warning C4996: 'strcpy': This function or variable may be unsafe. Consider using strcpy_s instead. To disable deprecation, use _CRT_SECURE_NO_WARNINGS. See online help for details.
D:\repos\Quake-III-Arena\code\game\g_bot.c(178,9): warning C4996: 'strcat': This function or variable may be unsafe. Consider using strcat_s instead. To disable deprecation, use _CRT_SECURE_NO_WARNINGS. See online help for details.
D:\repos\Quake-III-Arena\code\game\g_bot.c(292,5): warning C4996: 'strncpy': This function or variable may be unsafe. Consider using strncpy_s instead. To disable deprecation, use _CRT_SECURE_NO_WARNINGS. See online help for details.
D:\repos\Quake-III-Arena\code\game\g_bot.c(323,9): warning C4996: 'strcpy': This function or variable may be unsafe. Consider using strcpy_s instead. To disable deprecation, use _CRT_SECURE_NO_WARNINGS. See online help for details.
D:\repos\Quake-III-Arena\code\game\g_bot.c(775,9): warning C4996: 'strcpy': This function or variable may be unsafe. Consider using strcpy_s instead. To disable deprecation, use _CRT_SECURE_NO_WARNINGS. See online help for details.
D:\repos\Quake-III-Arena\code\game\g_bot.c(777,10): warning C4996: 'strcpy': This function or variable may be unsafe. Consider using strcpy_s instead. To disable deprecation, use _CRT_SECURE_NO_WARNINGS. See online help for details.
D:\repos\Quake-III-Arena\code\game\g_bot.c(779,9): warning C4996: 'strcpy': This function or variable may be unsafe. Consider using strcpy_s instead. To disable deprecation, use _CRT_SECURE_NO_WARNINGS. See online help for details.
D:\repos\Quake-III-Arena\code\game\g_bot.c(781,10): warning C4996: 'strcpy': This function or variable may be unsafe. Consider using strcpy_s instead. To disable deprecation, use _CRT_SECURE_NO_WARNINGS. See online help for details.
D:\repos\Quake-III-Arena\code\game\g_bot.c(783,9): warning C4996: 'strcpy': This function or variable may be unsafe. Consider using strcpy_s instead. To disable deprecation, use _CRT_SECURE_NO_WARNINGS. See online help for details.
D:\repos\Quake-III-Arena\code\game\g_bot.c(785,10): warning C4996: 'strcpy': This function or variable may be unsafe. Consider using strcpy_s instead. To disable deprecation, use _CRT_SECURE_NO_WARNINGS. See online help for details.
D:\repos\Quake-III-Arena\code\game\g_bot.c(787,9): warning C4996: 'strcpy': This function or variable may be unsafe. Consider using strcpy_s instead. To disable deprecation, use _CRT_SECURE_NO_WARNINGS. See online help for details.
D:\repos\Quake-III-Arena\code\game\g_bot.c(789,10): warning C4996: 'strcpy': This function or variable may be unsafe. Consider using strcpy_s instead. To disable deprecation, use _CRT_SECURE_NO_WARNINGS. See online help for details.
D:\repos\Quake-III-Arena\code\game\g_bot.c(915,9): warning C4996: 'strcpy': This function or variable may be unsafe. Consider using strcpy_s instead. To disable deprecation, use _CRT_SECURE_NO_WARNINGS. See online help for details.
D:\repos\Quake-III-Arena\code\game\g_bot.c(916,9): warning C4996: 'strcat': This function or variable may be unsafe. Consider using strcat_s instead. To disable deprecation, use _CRT_SECURE_NO_WARNINGS. See online help for details.
  g_client.c
D:\repos\Quake-III-Arena\code\game\g_client.c(720,10): warning C4996: 'strcpy': This function or variable may be unsafe. Consider using strcpy_s instead. To disable deprecation, use _CRT_SECURE_NO_WARNINGS. See online help for details.
D:\repos\Quake-III-Arena\code\game\g_client.c(857,8): warning C4996: 'strcpy': This function or variable may be unsafe. Consider using strcpy_s instead. To disable deprecation, use _CRT_SECURE_NO_WARNINGS. See online help for details.
D:\repos\Quake-III-Arena\code\game\g_client.c(858,8): warning C4996: 'strcpy': This function or variable may be unsafe. Consider using strcpy_s instead. To disable deprecation, use _CRT_SECURE_NO_WARNINGS. See online help for details.
D:\repos\Quake-III-Arena\code\game\g_client.c(860,8): warning C4996: 'strcpy': This function or variable may be unsafe. Consider using strcpy_s instead. To disable deprecation, use _CRT_SECURE_NO_WARNINGS. See online help for details.
D:\repos\Quake-III-Arena\code\game\g_client.c(861,8): warning C4996: 'strcpy': This function or variable may be unsafe. Consider using strcpy_s instead. To disable deprecation, use _CRT_SECURE_NO_WARNINGS. See online help for details.
  g_cmds.c
D:\repos\Quake-III-Arena\code\game\g_cmds.c(81,10): warning C4996: 'strcpy': This function or variable may be unsafe. Consider using strcpy_s instead. To disable deprecation, use _CRT_SECURE_NO_WARNINGS. See online help for details.
D:\repos\Quake-III-Arena\code\game\g_cmds.c(1403,10): warning C4996: 'strcat': This function or variable may be unsafe. Consider using strcat_s instead. To disable deprecation, use _CRT_SECURE_NO_WARNINGS. See online help for details.
  g_combat.c
D:\repos\Quake-III-Arena\code\game\g_combat.c(639,15): warning C4456: declaration of 'i' hides previous local declaration
D:\repos\Quake-III-Arena\code\game\g_combat.c(444,8): message : see declaration of 'i'
  g_items.c
  g_main.c
D:\repos\Quake-III-Arena\code\game\g_main.c(246,2): warning C4996: 'vsprintf': This function or variable may be unsafe. Consider using vsprintf_s instead. To disable deprecation, use _CRT_SECURE_NO_WARNINGS. See online help for details.
D:\repos\Quake-III-Arena\code\game\g_main.c(257,2): warning C4996: 'vsprintf': This function or variable may be unsafe. Consider using vsprintf_s instead. To disable deprecation, use _CRT_SECURE_NO_WARNINGS. See online help for details.
D:\repos\Quake-III-Arena\code\game\g_main.c(542,60): warning C4459: declaration of 'level' hides global declaration
D:\repos\Quake-III-Arena\code\game\g_main.c(26,16): message : see declaration of 'level'
D:\repos\Quake-III-Arena\code\game\g_main.c(547,2): warning C4996: 'vsprintf': This function or variable may be unsafe. Consider using vsprintf_s instead. To disable deprecation, use _CRT_SECURE_NO_WARNINGS. See online help for details.
D:\repos\Quake-III-Arena\code\game\g_main.c(558,2): warning C4996: 'vsprintf': This function or variable may be unsafe. Consider using vsprintf_s instead. To disable deprecation, use _CRT_SECURE_NO_WARNINGS. See online help for details.
D:\repos\Quake-III-Arena\code\game\g_main.c(1092,2): warning C4996: 'vsprintf': This function or variable may be unsafe. Consider using vsprintf_s instead. To disable deprecation, use _CRT_SECURE_NO_WARNINGS. See online help for details.
  g_mem.c
  g_misc.c
  Generating Code...
  Compiling...
  g_missile.c
  g_mover.c
  g_session.c
D:\repos\Quake-III-Arena\code\game\g_session.c(81,2): warning C4996: 'sscanf': This function or variable may be unsafe. Consider using sscanf_s instead. To disable deprecation, use _CRT_SECURE_NO_WARNINGS. See online help for details.
  g_spawn.c
D:\repos\Quake-III-Arena\code\game\g_spawn.c(68,2): warning C4996: 'sscanf': This function or variable may be unsafe. Consider using sscanf_s instead. To disable deprecation, use _CRT_SECURE_NO_WARNINGS. See online help for details.
D:\repos\Quake-III-Arena\code\game\g_spawn.c(371,5): warning C4996: 'sscanf': This function or variable may be unsafe. Consider using sscanf_s instead. To disable deprecation, use _CRT_SECURE_NO_WARNINGS. See online help for details.
  g_svcmds.c
  g_syscalls.c
  g_target.c
  g_team.c
D:\repos\Quake-III-Arena\code\game\g_team.c(110,6): warning C4996: 'vsprintf': This function or variable may be unsafe. Consider using vsprintf_s instead. To disable deprecation, use _CRT_SECURE_NO_WARNINGS. See online help for details.
D:\repos\Quake-III-Arena\code\game\g_team.c(1114,11): warning C4996: 'strcpy': This function or variable may be unsafe. Consider using strcpy_s instead. To disable deprecation, use _CRT_SECURE_NO_WARNINGS. See online help for details.
  g_trigger.c
  g_utils.c
D:\repos\Quake-III-Arena\code\game\g_utils.c(44,10): warning C4996: 'strcpy': This function or variable may be unsafe. Consider using strcpy_s instead. To disable deprecation, use _CRT_SECURE_NO_WARNINGS. See online help for details.
D:\repos\Quake-III-Arena\code\game\g_utils.c(50,9): warning C4996: 'strcpy': This function or variable may be unsafe. Consider using strcpy_s instead. To disable deprecation, use _CRT_SECURE_NO_WARNINGS. See online help for details.
D:\repos\Quake-III-Arena\code\game\g_utils.c(51,9): warning C4996: 'strcpy': This function or variable may be unsafe. Consider using strcpy_s instead. To disable deprecation, use _CRT_SECURE_NO_WARNINGS. See online help for details.
  g_weapon.c
D:\repos\Quake-III-Arena\code\game\g_weapon.c(326,17): warning C4459: declaration of 'forward' hides global declaration
D:\repos\Quake-III-Arena\code\game\g_weapon.c(29,15): message : see declaration of 'forward'
D:\repos\Quake-III-Arena\code\game\g_weapon.c(326,24): warning C4459: declaration of 'right' hides global declaration
D:\repos\Quake-III-Arena\code\game\g_weapon.c(29,24): message : see declaration of 'right'
D:\repos\Quake-III-Arena\code\game\g_weapon.c(326,28): warning C4459: declaration of 'up' hides global declaration
D:\repos\Quake-III-Arena\code\game\g_weapon.c(29,31): message : see declaration of 'up'
D:\repos\Quake-III-Arena\code\game\g_weapon.c(782,102): warning C4459: declaration of 'forward' hides global declaration
D:\repos\Quake-III-Arena\code\game\g_weapon.c(29,15): message : see declaration of 'forward'
D:\repos\Quake-III-Arena\code\game\g_weapon.c(782,102): warning C4459: declaration of 'right' hides global declaration
D:\repos\Quake-III-Arena\code\game\g_weapon.c(29,24): message : see declaration of 'right'
D:\repos\Quake-III-Arena\code\game\g_weapon.c(782,102): warning C4459: declaration of 'up' hides global declaration
D:\repos\Quake-III-Arena\code\game\g_weapon.c(29,31): message : see declaration of 'up'
D:\repos\Quake-III-Arena\code\game\g_weapon.c(797,123): warning C4459: declaration of 'forward' hides global declaration
D:\repos\Quake-III-Arena\code\game\g_weapon.c(29,15): message : see declaration of 'forward'
D:\repos\Quake-III-Arena\code\game\g_weapon.c(797,123): warning C4459: declaration of 'right' hides global declaration
D:\repos\Quake-III-Arena\code\game\g_weapon.c(29,24): message : see declaration of 'right'
D:\repos\Quake-III-Arena\code\game\g_weapon.c(797,123): warning C4459: declaration of 'up' hides global declaration
D:\repos\Quake-III-Arena\code\game\g_weapon.c(29,31): message : see declaration of 'up'
  q_math.c
  q_shared.c
D:\repos\Quake-III-Arena\code\game\q_shared.c(268,2): warning C4996: 'vsprintf': This function or variable may be unsafe. Consider using vsprintf_s instead. To disable deprecation, use _CRT_SECURE_NO_WARNINGS. See online help for details.
D:\repos\Quake-III-Arena\code\game\q_shared.c(280,2): warning C4996: 'vsprintf': This function or variable may be unsafe. Consider using vsprintf_s instead. To disable deprecation, use _CRT_SECURE_NO_WARNINGS. See online help for details.
D:\repos\Quake-III-Arena\code\game\q_shared.c(723,2): warning C4996: 'strncpy': This function or variable may be unsafe. Consider using strncpy_s instead. To disable deprecation, use _CRT_SECURE_NO_WARNINGS. See online help for details.
D:\repos\Quake-III-Arena\code\game\q_shared.c(876,8): warning C4996: 'vsprintf': This function or variable may be unsafe. Consider using vsprintf_s instead. To disable deprecation, use _CRT_SECURE_NO_WARNINGS. See online help for details.
D:\repos\Quake-III-Arena\code\game\q_shared.c(912,2): warning C4996: 'vsprintf': This function or variable may be unsafe. Consider using vsprintf_s instead. To disable deprecation, use _CRT_SECURE_NO_WARNINGS. See online help for details.
D:\repos\Quake-III-Arena\code\game\q_shared.c(1072,11): warning C4996: 'strcpy': This function or variable may be unsafe. Consider using strcpy_s instead. To disable deprecation, use _CRT_SECURE_NO_WARNINGS. See online help for details.
D:\repos\Quake-III-Arena\code\game\q_shared.c(1127,11): warning C4996: 'strcpy': This function or variable may be unsafe. Consider using strcpy_s instead. To disable deprecation, use _CRT_SECURE_NO_WARNINGS. See online help for details.
D:\repos\Quake-III-Arena\code\game\q_shared.c(1202,9): warning C4996: 'strcat': This function or variable may be unsafe. Consider using strcat_s instead. To disable deprecation, use _CRT_SECURE_NO_WARNINGS. See online help for details.
D:\repos\Quake-III-Arena\code\game\q_shared.c(1203,9): warning C4996: 'strcpy': This function or variable may be unsafe. Consider using strcpy_s instead. To disable deprecation, use _CRT_SECURE_NO_WARNINGS. See online help for details.
D:\repos\Quake-III-Arena\code\game\q_shared.c(1250,9): warning C4996: 'strcat': This function or variable may be unsafe. Consider using strcat_s instead. To disable deprecation, use _CRT_SECURE_NO_WARNINGS. See online help for details.
  Generating Code...
E:\Program Files (x86)\Microsoft Visual Studio\2019\Community\MSBuild\Microsoft\VC\v160\Microsoft.CppBuild.targets(1316,5): warning MSB8012: TargetPath(D:\repos\Quake-III-Arena\code\game\.\Release\game.dll) does not match the Linker's OutputFile property value (D:\repos\Quake-III-Arena\code\Release\qagamex86.dll). This may cause your project to build incorrectly. To correct this, please make sure that $(OutDir), $(TargetName) and $(TargetExt) property values match the value specified in %(Link.OutputFile).
E:\Program Files (x86)\Microsoft Visual Studio\2019\Community\MSBuild\Microsoft\VC\v160\Microsoft.CppBuild.targets(1318,5): warning MSB8012: TargetName(game) does not match the Linker's OutputFile property value (qagamex86). This may cause your project to build incorrectly. To correct this, please make sure that $(OutDir), $(TargetName) and $(TargetExt) property values match the value specified in %(Link.OutputFile).
     Creating library .\Release/qagamex86.lib and object .\Release/qagamex86.exp
  game.vcxproj -> D:\repos\Quake-III-Arena\code\game\.\Release\game.dll
