E:\Program Files (x86)\Microsoft Visual Studio\2019\Community\MSBuild\Microsoft\VC\v160\Microsoft.CppCommon.targets(36,5): warning MSB4211: The property "IntermediateOutputPath" is being set to a value for the first time, but it was already consumed at "E:\Program Files (x86)\Microsoft Visual Studio\2019\Community\MSBuild\Microsoft\VC\v160\Microsoft.CppCommon.targets (35,5)".
E:\Program Files (x86)\Microsoft Visual Studio\2019\Community\MSBuild\Current\Bin\Microsoft.Common.CurrentVersion.targets(337,5): warning MSB4211: The property "CleanFile" is being set to a value for the first time, but it was already consumed at "E:\Program Files (x86)\Microsoft Visual Studio\2019\Community\MSBuild\Microsoft\VC\v160\Microsoft.CppCommon.targets (35,5)".
  bg_misc.c
  q_math.c
  q_shared.c
D:\repos\Quake-III-Arena\code\game\q_shared.c(268,2): warning C4996: 'vsprintf': This function or variable may be unsafe. Consider using vsprintf_s instead. To disable deprecation, use _CRT_SECURE_NO_WARNINGS. See online help for details.
D:\repos\Quake-III-Arena\code\game\q_shared.c(280,2): warning C4996: 'vsprintf': This function or variable may be unsafe. Consider using vsprintf_s instead. To disable deprecation, use _CRT_SECURE_NO_WARNINGS. See online help for details.
D:\repos\Quake-III-Arena\code\game\q_shared.c(723,2): warning C4996: 'strncpy': This function or variable may be unsafe. Consider using strncpy_s instead. To disable deprecation, use _CRT_SECURE_NO_WARNINGS. See online help for details.
D:\repos\Quake-III-Arena\code\game\q_shared.c(876,8): warning C4996: 'vsprintf': This function or variable may be unsafe. Consider using vsprintf_s instead. To disable deprecation, use _CRT_SECURE_NO_WARNINGS. See online help for details.
D:\repos\Quake-III-Arena\code\game\q_shared.c(912,2): warning C4996: 'vsprintf': This function or variable may be unsafe. Consider using vsprintf_s instead. To disable deprecation, use _CRT_SECURE_NO_WARNINGS. See online help for details.
D:\repos\Quake-III-Arena\code\game\q_shared.c(1072,11): warning C4996: 'strcpy': This function or variable may be unsafe. Consider using strcpy_s instead. To disable deprecation, use _CRT_SECURE_NO_WARNINGS. See online help for details.
D:\repos\Quake-III-Arena\code\game\q_shared.c(1127,11): warning C4996: 'strcpy': This function or variable may be unsafe. Consider using strcpy_s instead. To disable deprecation, use _CRT_SECURE_NO_WARNINGS. See online help for details.
D:\repos\Quake-III-Arena\code\game\q_shared.c(1202,9): warning C4996: 'strcat': This function or variable may be unsafe. Consider using strcat_s instead. To disable deprecation, use _CRT_SECURE_NO_WARNINGS. See online help for details.
D:\repos\Quake-III-Arena\code\game\q_shared.c(1203,9): warning C4996: 'strcpy': This function or variable may be unsafe. Consider using strcpy_s instead. To disable deprecation, use _CRT_SECURE_NO_WARNINGS. See online help for details.
D:\repos\Quake-III-Arena\code\game\q_shared.c(1250,9): warning C4996: 'strcat': This function or variable may be unsafe. Consider using strcat_s instead. To disable deprecation, use _CRT_SECURE_NO_WARNINGS. See online help for details.
  ui_syscalls.c
  ui_addbots.c
  ui_atoms.c
D:\repos\Quake-III-Arena\code\q3_ui\ui_atoms.c(41,2): warning C4996: 'vsprintf': This function or variable may be unsafe. Consider using vsprintf_s instead. To disable deprecation, use _CRT_SECURE_NO_WARNINGS. See online help for details.
D:\repos\Quake-III-Arena\code\q3_ui\ui_atoms.c(52,2): warning C4996: 'vsprintf': This function or variable may be unsafe. Consider using vsprintf_s instead. To disable deprecation, use _CRT_SECURE_NO_WARNINGS. See online help for details.
  ui_cdkey.c
  ui_cinematics.c
  ui_confirm.c
  ui_connect.c
  ui_controls2.c
D:\repos\Quake-III-Arena\code\q3_ui\ui_controls2.c(671,9): warning C4996: 'strcpy': This function or variable may be unsafe. Consider using strcpy_s instead. To disable deprecation, use _CRT_SECURE_NO_WARNINGS. See online help for details.
D:\repos\Quake-III-Arena\code\q3_ui\ui_controls2.c(683,10): warning C4996: 'strcat': This function or variable may be unsafe. Consider using strcat_s instead. To disable deprecation, use _CRT_SECURE_NO_WARNINGS. See online help for details.
D:\repos\Quake-III-Arena\code\q3_ui\ui_controls2.c(684,10): warning C4996: 'strcat': This function or variable may be unsafe. Consider using strcat_s instead. To disable deprecation, use _CRT_SECURE_NO_WARNINGS. See online help for details.
D:\repos\Quake-III-Arena\code\q3_ui\ui_controls2.c(745,9): warning C4996: 'strcpy': This function or variable may be unsafe. Consider using strcpy_s instead. To disable deprecation, use _CRT_SECURE_NO_WARNINGS. See online help for details.
  ui_credits.c
  ui_demo2.c
D:\repos\Quake-III-Arena\code\q3_ui\ui_demo2.c(232,9): warning C4996: 'strcpy': This function or variable may be unsafe. Consider using strcpy_s instead. To disable deprecation, use _CRT_SECURE_NO_WARNINGS. See online help for details.
  ui_display.c
  ui_gameinfo.c
D:\repos\Quake-III-Arena\code\q3_ui\ui_gameinfo.c(121,11): warning C4996: 'strcpy': This function or variable may be unsafe. Consider using strcpy_s instead. To disable deprecation, use _CRT_SECURE_NO_WARNINGS. See online help for details.
D:\repos\Quake-III-Arena\code\q3_ui\ui_gameinfo.c(128,10): warning C4996: 'strcpy': This function or variable may be unsafe. Consider using strcpy_s instead. To disable deprecation, use _CRT_SECURE_NO_WARNINGS. See online help for details.
D:\repos\Quake-III-Arena\code\q3_ui\ui_gameinfo.c(195,9): warning C4996: 'strcpy': This function or variable may be unsafe. Consider using strcpy_s instead. To disable deprecation, use _CRT_SECURE_NO_WARNINGS. See online help for details.
D:\repos\Quake-III-Arena\code\q3_ui\ui_gameinfo.c(196,9): warning C4996: 'strcat': This function or variable may be unsafe. Consider using strcat_s instead. To disable deprecation, use _CRT_SECURE_NO_WARNINGS. See online help for details.
D:\repos\Quake-III-Arena\code\q3_ui\ui_gameinfo.c(382,9): warning C4996: 'strcpy': This function or variable may be unsafe. Consider using strcpy_s instead. To disable deprecation, use _CRT_SECURE_NO_WARNINGS. See online help for details.
D:\repos\Quake-III-Arena\code\q3_ui\ui_gameinfo.c(383,9): warning C4996: 'strcat': This function or variable may be unsafe. Consider using strcat_s instead. To disable deprecation, use _CRT_SECURE_NO_WARNINGS. See online help for details.
  ui_ingame.c
  ui_main.c
  ui_menu.c
  ui_mfield.c
  ui_mods.c
  Generating Code...
  Compiling...
  ui_network.c
  ui_options.c
  ui_playermodel.c
D:\repos\Quake-III-Arena\code\q3_ui\ui_playermodel.c(340,9): warning C4996: 'strcat': This function or variable may be unsafe. Consider using strcat_s instead. To disable deprecation, use _CRT_SECURE_NO_WARNINGS. See online help for details.
D:\repos\Quake-III-Arena\code\q3_ui\ui_playermodel.c(481,10): warning C4996: 'strcat': This function or variable may be unsafe. Consider using strcat_s instead. To disable deprecation, use _CRT_SECURE_NO_WARNINGS. See online help for details.
  ui_players.c
D:\repos\Quake-III-Arena\code\q3_ui\ui_players.c(91,9): warning C4996: 'strcpy': This function or variable may be unsafe. Consider using strcpy_s instead. To disable deprecation, use _CRT_SECURE_NO_WARNINGS. See online help for details.
D:\repos\Quake-III-Arena\code\q3_ui\ui_players.c(93,9): warning C4996: 'strcat': This function or variable may be unsafe. Consider using strcat_s instead. To disable deprecation, use _CRT_SECURE_NO_WARNINGS. See online help for details.
D:\repos\Quake-III-Arena\code\q3_ui\ui_players.c(97,8): warning C4996: 'strcpy': This function or variable may be unsafe. Consider using strcpy_s instead. To disable deprecation, use _CRT_SECURE_NO_WARNINGS. See online help for details.
D:\repos\Quake-III-Arena\code\q3_ui\ui_players.c(99,8): warning C4996: 'strcat': This function or variable may be unsafe. Consider using strcat_s instead. To disable deprecation, use _CRT_SECURE_NO_WARNINGS. See online help for details.
  ui_playersettings.c
D:\repos\Quake-III-Arena\code\q3_ui\ui_playersettings.c(241,9): warning C4996: 'strcpy': This function or variable may be unsafe. Consider using strcpy_s instead. To disable deprecation, use _CRT_SECURE_NO_WARNINGS. See online help for details.
  ui_preferences.c
  ui_qmenu.c
D:\repos\Quake-III-Arena\code\q3_ui\ui_qmenu.c(124,9): warning C4996: 'strcpy': This function or variable may be unsafe. Consider using strcpy_s instead. To disable deprecation, use _CRT_SECURE_NO_WARNINGS. See online help for details.
D:\repos\Quake-III-Arena\code\q3_ui\ui_qmenu.c(128,9): warning C4996: 'strcat': This function or variable may be unsafe. Consider using strcat_s instead. To disable deprecation, use _CRT_SECURE_NO_WARNINGS. See online help for details.
  ui_removebots.c
  ui_serverinfo.c
  ui_servers2.c
D:\repos\Quake-III-Arena\code\q3_ui\ui_servers2.c(418,10): warning C4996: 'strcpy': This function or variable may be unsafe. Consider using strcpy_s instead. To disable deprecation, use _CRT_SECURE_NO_WARNINGS. See online help for details.
D:\repos\Quake-III-Arena\code\q3_ui\ui_servers2.c(434,11): warning C4996: 'strcpy': This function or variable may be unsafe. Consider using strcpy_s instead. To disable deprecation, use _CRT_SECURE_NO_WARNINGS. See online help for details.
D:\repos\Quake-III-Arena\code\q3_ui\ui_servers2.c(437,11): warning C4996: 'strcpy': This function or variable may be unsafe. Consider using strcpy_s instead. To disable deprecation, use _CRT_SECURE_NO_WARNINGS. See online help for details.
D:\repos\Quake-III-Arena\code\q3_ui\ui_servers2.c(762,9): warning C4996: 'strcpy': This function or variable may be unsafe. Consider using strcpy_s instead. To disable deprecation, use _CRT_SECURE_NO_WARNINGS. See online help for details.
D:\repos\Quake-III-Arena\code\q3_ui\ui_servers2.c(951,11): warning C4996: 'strcpy': This function or variable may be unsafe. Consider using strcpy_s instead. To disable deprecation, use _CRT_SECURE_NO_WARNINGS. See online help for details.
D:\repos\Quake-III-Arena\code\q3_ui\ui_servers2.c(956,9): warning C4996: 'strcpy': This function or variable may be unsafe. Consider using strcpy_s instead. To disable deprecation, use _CRT_SECURE_NO_WARNINGS. See online help for details.
D:\repos\Quake-III-Arena\code\q3_ui\ui_servers2.c(1027,10): warning C4996: 'strcpy': This function or variable may be unsafe. Consider using strcpy_s instead. To disable deprecation, use _CRT_SECURE_NO_WARNINGS. See online help for details.
D:\repos\Quake-III-Arena\code\q3_ui\ui_servers2.c(1031,10): warning C4996: 'strcpy': This function or variable may be unsafe. Consider using strcpy_s instead. To disable deprecation, use _CRT_SECURE_NO_WARNINGS. See online help for details.
D:\repos\Quake-III-Arena\code\q3_ui\ui_servers2.c(1035,10): warning C4996: 'strcpy': This function or variable may be unsafe. Consider using strcpy_s instead. To disable deprecation, use _CRT_SECURE_NO_WARNINGS. See online help for details.
D:\repos\Quake-III-Arena\code\q3_ui\ui_servers2.c(1039,10): warning C4996: 'strcpy': This function or variable may be unsafe. Consider using strcpy_s instead. To disable deprecation, use _CRT_SECURE_NO_WARNINGS. See online help for details.
D:\repos\Quake-III-Arena\code\q3_ui\ui_servers2.c(1045,10): warning C4996: 'strcat': This function or variable may be unsafe. Consider using strcat_s instead. To disable deprecation, use _CRT_SECURE_NO_WARNINGS. See online help for details.
D:\repos\Quake-III-Arena\code\q3_ui\ui_servers2.c(1049,10): warning C4996: 'strcat': This function or variable may be unsafe. Consider using strcat_s instead. To disable deprecation, use _CRT_SECURE_NO_WARNINGS. See online help for details.
D:\repos\Quake-III-Arena\code\q3_ui\ui_servers2.c(1149,8): warning C4996: 'strcpy': This function or variable may be unsafe. Consider using strcpy_s instead. To disable deprecation, use _CRT_SECURE_NO_WARNINGS. See online help for details.
  ui_setup.c
  ui_sound.c
  ui_sparena.c
  ui_specifyserver.c
D:\repos\Quake-III-Arena\code\q3_ui\ui_specifyserver.c(81,11): warning C4996: 'strcpy': This function or variable may be unsafe. Consider using strcpy_s instead. To disable deprecation, use _CRT_SECURE_NO_WARNINGS. See online help for details.
  ui_splevel.c
D:\repos\Quake-III-Arena\code\q3_ui\ui_splevel.c(234,8): warning C4996: 'strcpy': This function or variable may be unsafe. Consider using strcpy_s instead. To disable deprecation, use _CRT_SECURE_NO_WARNINGS. See online help for details.
D:\repos\Quake-III-Arena\code\q3_ui\ui_splevel.c(236,9): warning C4996: 'strcpy': This function or variable may be unsafe. Consider using strcpy_s instead. To disable deprecation, use _CRT_SECURE_NO_WARNINGS. See online help for details.
  ui_sppostgame.c
  ui_spreset.c
  ui_spskill.c
  ui_startserver.c
D:\repos\Quake-III-Arena\code\q3_ui\ui_startserver.c(206,9): warning C4996: 'strcpy': This function or variable may be unsafe. Consider using strcpy_s instead. To disable deprecation, use _CRT_SECURE_NO_WARNINGS. See online help for details.
D:\repos\Quake-III-Arena\code\q3_ui\ui_startserver.c(219,9): warning C4996: 'strcpy': This function or variable may be unsafe. Consider using strcpy_s instead. To disable deprecation, use _CRT_SECURE_NO_WARNINGS. See online help for details.
D:\repos\Quake-III-Arena\code\q3_ui\ui_startserver.c(1104,9): warning C4996: 'strcpy': This function or variable may be unsafe. Consider using strcpy_s instead. To disable deprecation, use _CRT_SECURE_NO_WARNINGS. See online help for details.
D:\repos\Quake-III-Arena\code\q3_ui\ui_startserver.c(1162,8): warning C4996: 'strcpy': This function or variable may be unsafe. Consider using strcpy_s instead. To disable deprecation, use _CRT_SECURE_NO_WARNINGS. See online help for details.
  ui_team.c
  Generating Code...
  Compiling...
  ui_teamorders.c
  ui_video.c
  Generating Code...
E:\Program Files (x86)\Microsoft Visual Studio\2019\Community\MSBuild\Microsoft\VC\v160\Microsoft.CppBuild.targets(1316,5): warning MSB8012: TargetPath(D:\repos\Quake-III-Arena\code\q3_ui\.\Release\q3_ui.dll) does not match the Linker's OutputFile property value (D:\repos\Quake-III-Arena\code\Release\uix86.dll). This may cause your project to build incorrectly. To correct this, please make sure that $(OutDir), $(TargetName) and $(TargetExt) property values match the value specified in %(Link.OutputFile).
E:\Program Files (x86)\Microsoft Visual Studio\2019\Community\MSBuild\Microsoft\VC\v160\Microsoft.CppBuild.targets(1318,5): warning MSB8012: TargetName(q3_ui) does not match the Linker's OutputFile property value (uix86). This may cause your project to build incorrectly. To correct this, please make sure that $(OutDir), $(TargetName) and $(TargetExt) property values match the value specified in %(Link.OutputFile).
     Creating library .\Release/uix86.lib and object .\Release/uix86.exp
  q3_ui.vcxproj -> D:\repos\Quake-III-Arena\code\q3_ui\.\Release\q3_ui.dll
