d:\repos\quake-iii-arena\code\ui\ui___win32_vector\vc142.pdb
d:\repos\quake-iii-arena\code\ui\ui___win32_vector\ui_util.obj
d:\repos\quake-iii-arena\code\ui\ui___win32_vector\ui_syscalls.obj
d:\repos\quake-iii-arena\code\ui\ui___win32_vector\ui_shared.obj
d:\repos\quake-iii-arena\code\ui\ui___win32_vector\ui_players.obj
d:\repos\quake-iii-arena\code\ui\ui___win32_vector\ui_main.obj
d:\repos\quake-iii-arena\code\ui\ui___win32_vector\ui_gameinfo.obj
d:\repos\quake-iii-arena\code\ui\ui___win32_vector\ui_atoms.obj
d:\repos\quake-iii-arena\code\ui\ui___win32_vector\q_shared.obj
d:\repos\quake-iii-arena\code\ui\ui___win32_vector\q_math.obj
d:\repos\quake-iii-arena\code\ui\ui___win32_vector\bg_misc.obj
d:\repos\quake-iii-arena\code\release_ta\uix86.dll
d:\repos\quake-iii-arena\code\ui\ui___win32_vector\uix86.map
d:\repos\quake-iii-arena\code\ui\ui___win32_vector\uix86.pdb
d:\repos\quake-iii-arena\code\ui\ui___win32_vector\uix86.lib
d:\repos\quake-iii-arena\code\ui\ui___win32_vector\uix86.exp
d:\repos\quake-iii-arena\code\ui\ui___win32_vector\ui.tlog\cl.command.1.tlog
d:\repos\quake-iii-arena\code\ui\ui___win32_vector\ui.tlog\cl.read.1.tlog
d:\repos\quake-iii-arena\code\ui\ui___win32_vector\ui.tlog\cl.write.1.tlog
d:\repos\quake-iii-arena\code\ui\ui___win32_vector\ui.tlog\link.command.1.tlog
d:\repos\quake-iii-arena\code\ui\ui___win32_vector\ui.tlog\link.read.1.tlog
d:\repos\quake-iii-arena\code\ui\ui___win32_vector\ui.tlog\link.write.1.tlog
d:\repos\quake-iii-arena\code\ui\ui___win32_vector\ui.tlog\ui.write.1u.tlog
