d:\repos\quake-iii-arena\code\release_ta\quake3.bsc
d:\repos\quake-iii-arena\code\release_ta\vc142.pdb
d:\repos\quake-iii-arena\code\release_ta\cl_cgame.sbr
d:\repos\quake-iii-arena\code\release_ta\cl_cin.sbr
d:\repos\quake-iii-arena\code\release_ta\cl_console.sbr
d:\repos\quake-iii-arena\code\release_ta\cl_input.sbr
d:\repos\quake-iii-arena\code\release_ta\cl_keys.sbr
d:\repos\quake-iii-arena\code\release_ta\cl_main.sbr
d:\repos\quake-iii-arena\code\release_ta\cl_net_chan.sbr
d:\repos\quake-iii-arena\code\release_ta\cl_parse.sbr
d:\repos\quake-iii-arena\code\release_ta\cl_scrn.sbr
d:\repos\quake-iii-arena\code\release_ta\cl_ui.sbr
d:\repos\quake-iii-arena\code\release_ta\snd_adpcm.sbr
d:\repos\quake-iii-arena\code\release_ta\snd_dma.sbr
d:\repos\quake-iii-arena\code\release_ta\snd_mem.sbr
d:\repos\quake-iii-arena\code\release_ta\snd_mix.sbr
d:\repos\quake-iii-arena\code\release_ta\snd_wavelet.sbr
d:\repos\quake-iii-arena\code\release_ta\q_math.sbr
d:\repos\quake-iii-arena\code\release_ta\q_shared.sbr
d:\repos\quake-iii-arena\code\release_ta\cmd.sbr
d:\repos\quake-iii-arena\code\release_ta\cm_load.sbr
d:\repos\quake-iii-arena\code\release_ta\cm_patch.sbr
d:\repos\quake-iii-arena\code\release_ta\cm_patch.obj
d:\repos\quake-iii-arena\code\release_ta\cm_load.obj
d:\repos\quake-iii-arena\code\release_ta\cmd.obj
d:\repos\quake-iii-arena\code\release_ta\q_shared.obj
d:\repos\quake-iii-arena\code\release_ta\q_math.obj
d:\repos\quake-iii-arena\code\release_ta\snd_wavelet.obj
d:\repos\quake-iii-arena\code\release_ta\snd_mix.obj
d:\repos\quake-iii-arena\code\release_ta\snd_mem.obj
d:\repos\quake-iii-arena\code\release_ta\snd_dma.obj
d:\repos\quake-iii-arena\code\release_ta\snd_adpcm.obj
d:\repos\quake-iii-arena\code\release_ta\cl_ui.obj
d:\repos\quake-iii-arena\code\release_ta\cl_scrn.obj
d:\repos\quake-iii-arena\code\release_ta\cl_parse.obj
d:\repos\quake-iii-arena\code\release_ta\cl_net_chan.obj
d:\repos\quake-iii-arena\code\release_ta\cl_main.obj
d:\repos\quake-iii-arena\code\release_ta\cl_keys.obj
d:\repos\quake-iii-arena\code\release_ta\cl_input.obj
d:\repos\quake-iii-arena\code\release_ta\cl_console.obj
d:\repos\quake-iii-arena\code\release_ta\cl_cin.obj
d:\repos\quake-iii-arena\code\release_ta\cl_cgame.obj
d:\repos\quake-iii-arena\code\release_ta\cm_polylib.sbr
d:\repos\quake-iii-arena\code\release_ta\cm_test.sbr
d:\repos\quake-iii-arena\code\release_ta\cm_trace.sbr
d:\repos\quake-iii-arena\code\release_ta\common.sbr
d:\repos\quake-iii-arena\code\release_ta\cvar.sbr
d:\repos\quake-iii-arena\code\release_ta\files.sbr
d:\repos\quake-iii-arena\code\release_ta\huffman.sbr
d:\repos\quake-iii-arena\code\release_ta\md4.sbr
d:\repos\quake-iii-arena\code\release_ta\msg.sbr
d:\repos\quake-iii-arena\code\release_ta\net_chan.sbr
d:\repos\quake-iii-arena\code\release_ta\unzip.sbr
d:\repos\quake-iii-arena\code\release_ta\vm.sbr
d:\repos\quake-iii-arena\code\release_ta\vm_interpreted.sbr
d:\repos\quake-iii-arena\code\release_ta\vm_x86.sbr
d:\repos\quake-iii-arena\code\release_ta\sv_bot.sbr
d:\repos\quake-iii-arena\code\release_ta\sv_ccmds.sbr
d:\repos\quake-iii-arena\code\release_ta\sv_client.sbr
d:\repos\quake-iii-arena\code\release_ta\sv_game.sbr
d:\repos\quake-iii-arena\code\release_ta\sv_init.sbr
d:\repos\quake-iii-arena\code\release_ta\sv_main.sbr
d:\repos\quake-iii-arena\code\release_ta\sv_main.obj
d:\repos\quake-iii-arena\code\release_ta\sv_init.obj
d:\repos\quake-iii-arena\code\release_ta\sv_game.obj
d:\repos\quake-iii-arena\code\release_ta\sv_client.obj
d:\repos\quake-iii-arena\code\release_ta\sv_ccmds.obj
d:\repos\quake-iii-arena\code\release_ta\sv_bot.obj
d:\repos\quake-iii-arena\code\release_ta\vm_x86.obj
d:\repos\quake-iii-arena\code\release_ta\vm_interpreted.obj
d:\repos\quake-iii-arena\code\release_ta\vm.obj
d:\repos\quake-iii-arena\code\release_ta\unzip.obj
d:\repos\quake-iii-arena\code\release_ta\net_chan.obj
d:\repos\quake-iii-arena\code\release_ta\msg.obj
d:\repos\quake-iii-arena\code\release_ta\md4.obj
d:\repos\quake-iii-arena\code\release_ta\huffman.obj
d:\repos\quake-iii-arena\code\release_ta\files.obj
d:\repos\quake-iii-arena\code\release_ta\cvar.obj
d:\repos\quake-iii-arena\code\release_ta\common.obj
d:\repos\quake-iii-arena\code\release_ta\cm_trace.obj
d:\repos\quake-iii-arena\code\release_ta\cm_test.obj
d:\repos\quake-iii-arena\code\release_ta\cm_polylib.obj
d:\repos\quake-iii-arena\code\release_ta\sv_net_chan.sbr
d:\repos\quake-iii-arena\code\release_ta\sv_snapshot.sbr
d:\repos\quake-iii-arena\code\release_ta\sv_world.sbr
d:\repos\quake-iii-arena\code\release_ta\win_input.sbr
d:\repos\quake-iii-arena\code\release_ta\win_main.sbr
d:\repos\quake-iii-arena\code\release_ta\win_net.sbr
d:\repos\quake-iii-arena\code\release_ta\win_shared.sbr
d:\repos\quake-iii-arena\code\release_ta\win_snd.sbr
d:\repos\quake-iii-arena\code\release_ta\win_syscon.sbr
d:\repos\quake-iii-arena\code\release_ta\win_wndproc.sbr
d:\repos\quake-iii-arena\code\release_ta\win_wndproc.obj
d:\repos\quake-iii-arena\code\release_ta\win_syscon.obj
d:\repos\quake-iii-arena\code\release_ta\win_snd.obj
d:\repos\quake-iii-arena\code\release_ta\win_shared.obj
d:\repos\quake-iii-arena\code\release_ta\win_net.obj
d:\repos\quake-iii-arena\code\release_ta\win_main.obj
d:\repos\quake-iii-arena\code\release_ta\win_input.obj
d:\repos\quake-iii-arena\code\release_ta\sv_world.obj
d:\repos\quake-iii-arena\code\release_ta\sv_snapshot.obj
d:\repos\quake-iii-arena\code\release_ta\sv_net_chan.obj
d:\repos\quake-iii-arena\code\release_ta\quake3.exe
d:\repos\quake-iii-arena\code\release_ta\quake3.map
d:\repos\quake-iii-arena\code\release_ta\quake3.pdb
d:\repos\quake-iii-arena\code\release_ta\winquake.res
d:\repos\quake-iii-arena\code\release_ta\quake3.tlog\bscmake.command.1.tlog
d:\repos\quake-iii-arena\code\release_ta\quake3.tlog\bscmake.read.1.tlog
d:\repos\quake-iii-arena\code\release_ta\quake3.tlog\bscmake.write.1.tlog
d:\repos\quake-iii-arena\code\release_ta\quake3.tlog\cl.command.1.tlog
d:\repos\quake-iii-arena\code\release_ta\quake3.tlog\cl.read.1.tlog
d:\repos\quake-iii-arena\code\release_ta\quake3.tlog\cl.write.1.tlog
d:\repos\quake-iii-arena\code\release_ta\quake3.tlog\link.command.1.tlog
d:\repos\quake-iii-arena\code\release_ta\quake3.tlog\link.read.1.tlog
d:\repos\quake-iii-arena\code\release_ta\quake3.tlog\link.write.1.tlog
d:\repos\quake-iii-arena\code\release_ta\quake3.tlog\rc.command.1.tlog
d:\repos\quake-iii-arena\code\release_ta\quake3.tlog\rc.read.1.tlog
d:\repos\quake-iii-arena\code\release_ta\quake3.tlog\rc.write.1.tlog
