d:\repos\quake-iii-arena\code\quake3___win32_release_ta_demo\cm_patch.obj
d:\repos\quake-iii-arena\code\quake3___win32_release_ta_demo\cm_load.obj
d:\repos\quake-iii-arena\code\quake3___win32_release_ta_demo\cmd.obj
d:\repos\quake-iii-arena\code\quake3___win32_release_ta_demo\q_shared.obj
d:\repos\quake-iii-arena\code\quake3___win32_release_ta_demo\q_math.obj
d:\repos\quake-iii-arena\code\quake3___win32_release_ta_demo\snd_wavelet.obj
d:\repos\quake-iii-arena\code\quake3___win32_release_ta_demo\snd_mix.obj
d:\repos\quake-iii-arena\code\quake3___win32_release_ta_demo\snd_mem.obj
d:\repos\quake-iii-arena\code\quake3___win32_release_ta_demo\snd_dma.obj
d:\repos\quake-iii-arena\code\quake3___win32_release_ta_demo\snd_adpcm.obj
d:\repos\quake-iii-arena\code\quake3___win32_release_ta_demo\cl_ui.obj
d:\repos\quake-iii-arena\code\quake3___win32_release_ta_demo\cl_scrn.obj
d:\repos\quake-iii-arena\code\quake3___win32_release_ta_demo\cl_parse.obj
d:\repos\quake-iii-arena\code\quake3___win32_release_ta_demo\cl_net_chan.obj
d:\repos\quake-iii-arena\code\quake3___win32_release_ta_demo\cl_main.obj
d:\repos\quake-iii-arena\code\quake3___win32_release_ta_demo\cl_keys.obj
d:\repos\quake-iii-arena\code\quake3___win32_release_ta_demo\cl_input.obj
d:\repos\quake-iii-arena\code\quake3___win32_release_ta_demo\cl_console.obj
d:\repos\quake-iii-arena\code\quake3___win32_release_ta_demo\cl_cin.obj
d:\repos\quake-iii-arena\code\quake3___win32_release_ta_demo\cl_cgame.obj
d:\repos\quake-iii-arena\code\quake3___win32_release_ta_demo\sv_main.obj
d:\repos\quake-iii-arena\code\quake3___win32_release_ta_demo\sv_init.obj
d:\repos\quake-iii-arena\code\quake3___win32_release_ta_demo\sv_game.obj
d:\repos\quake-iii-arena\code\quake3___win32_release_ta_demo\sv_client.obj
d:\repos\quake-iii-arena\code\quake3___win32_release_ta_demo\sv_ccmds.obj
d:\repos\quake-iii-arena\code\quake3___win32_release_ta_demo\sv_bot.obj
d:\repos\quake-iii-arena\code\quake3___win32_release_ta_demo\vm_x86.obj
d:\repos\quake-iii-arena\code\quake3___win32_release_ta_demo\vm_interpreted.obj
d:\repos\quake-iii-arena\code\quake3___win32_release_ta_demo\vm.obj
d:\repos\quake-iii-arena\code\quake3___win32_release_ta_demo\unzip.obj
d:\repos\quake-iii-arena\code\quake3___win32_release_ta_demo\net_chan.obj
d:\repos\quake-iii-arena\code\quake3___win32_release_ta_demo\msg.obj
d:\repos\quake-iii-arena\code\quake3___win32_release_ta_demo\md4.obj
d:\repos\quake-iii-arena\code\quake3___win32_release_ta_demo\huffman.obj
d:\repos\quake-iii-arena\code\quake3___win32_release_ta_demo\files.obj
d:\repos\quake-iii-arena\code\quake3___win32_release_ta_demo\cvar.obj
d:\repos\quake-iii-arena\code\quake3___win32_release_ta_demo\common.obj
d:\repos\quake-iii-arena\code\quake3___win32_release_ta_demo\cm_trace.obj
d:\repos\quake-iii-arena\code\quake3___win32_release_ta_demo\cm_test.obj
d:\repos\quake-iii-arena\code\quake3___win32_release_ta_demo\cm_polylib.obj
d:\repos\quake-iii-arena\code\quake3___win32_release_ta_demo\win_wndproc.obj
d:\repos\quake-iii-arena\code\quake3___win32_release_ta_demo\win_syscon.obj
d:\repos\quake-iii-arena\code\quake3___win32_release_ta_demo\win_snd.obj
d:\repos\quake-iii-arena\code\quake3___win32_release_ta_demo\win_shared.obj
d:\repos\quake-iii-arena\code\quake3___win32_release_ta_demo\win_net.obj
d:\repos\quake-iii-arena\code\quake3___win32_release_ta_demo\win_main.obj
d:\repos\quake-iii-arena\code\quake3___win32_release_ta_demo\win_input.obj
d:\repos\quake-iii-arena\code\quake3___win32_release_ta_demo\sv_world.obj
d:\repos\quake-iii-arena\code\quake3___win32_release_ta_demo\sv_snapshot.obj
d:\repos\quake-iii-arena\code\quake3___win32_release_ta_demo\sv_net_chan.obj
d:\repos\quake-iii-arena\code\quake3___win32_release_ta_demo\quake3.exe
d:\repos\quake-iii-arena\code\release_ta\quake3.map
d:\repos\quake-iii-arena\code\release_ta\quake3.pdb
d:\repos\quake-iii-arena\code\quake3___win32_release_ta_demo\winquake.res
d:\repos\quake-iii-arena\code\quake3___win32_release_ta_demo\quake3.tlog\cl.command.1.tlog
d:\repos\quake-iii-arena\code\quake3___win32_release_ta_demo\quake3.tlog\cl.read.1.tlog
d:\repos\quake-iii-arena\code\quake3___win32_release_ta_demo\quake3.tlog\cl.write.1.tlog
d:\repos\quake-iii-arena\code\quake3___win32_release_ta_demo\quake3.tlog\link.command.1.tlog
d:\repos\quake-iii-arena\code\quake3___win32_release_ta_demo\quake3.tlog\link.read.1.tlog
d:\repos\quake-iii-arena\code\quake3___win32_release_ta_demo\quake3.tlog\link.write.1.tlog
d:\repos\quake-iii-arena\code\quake3___win32_release_ta_demo\quake3.tlog\rc.command.1.tlog
d:\repos\quake-iii-arena\code\quake3___win32_release_ta_demo\quake3.tlog\rc.read.1.tlog
d:\repos\quake-iii-arena\code\quake3___win32_release_ta_demo\quake3.tlog\rc.write.1.tlog
